       40001   2.1499999999999999        380000.00000000000       -1.5976861167763159        2.5542443546083473        67314.764536365867       0.10983147203947369       0.76362615953947366       0.61991933838969981        24897797.576267455     
       40001   2.1599999999999997        380000.00000000000       -1.5840707055921053        2.5110839610865545        73890.233199998736        7.3759527138157893E-002  0.74058919161184211       0.59221554141061883        24034307.013303261     
       40001   2.1699999999999995        380000.00000000000       -1.5748095098684212        2.4816802893832239        67800.965579032898        2.4197269736842105E-002  0.75211830921052636       0.59871481333624588        24499376.352195721     
       40001   2.1799999999999993        380000.00000000000       -1.5604121266447368        2.4366922354697782        73983.200863361359       -3.8940042763157899E-002  0.72949244078947373       0.57162273875154201        23351558.628194116     
       40001   2.1899999999999991        380000.00000000000       -1.5487487302631577        2.4003617662726153        71235.042544499040       -4.0686782894736845E-002  0.73027951809210523       0.56643586837376647        23133407.398766305     
       40001   2.1999999999999988        380000.00000000000       -1.5357356332236842        2.3602250050585938        71314.223335161805       -2.1866473684210526E-002  0.72088311677631578       0.55034821571186265        22522678.191738077     
       40001   2.2099999999999986        380000.00000000000       -1.5198329736842107        2.3117739106167763        77072.085769653320        6.6384277138157893E-002  0.69531733963815801       0.52013150531892482        21124080.970455822     
       40001   2.2199999999999984        380000.00000000000       -1.5085908437500002        2.2775612078813734        70241.240475088358        3.1339185855263157E-002  0.70564693585526317       0.52191674921977793        21337481.406452008     
       40001   2.2299999999999982        380000.00000000000       -1.4901987845394737        2.2225653327127879        76714.609453588724        6.6560671052631581E-002  0.67266526809210536       0.48224851300781246        19571433.065547198     
       40001   2.2399999999999980        380000.00000000000       -1.4735167088815788        2.1731426102641858        77460.230593994260       -5.6250904605263160E-003  0.65009942105263163       0.45296489357781666        18552145.999262825     
       40001   2.2499999999999978        380000.00000000000       -1.4550863552631581        2.1192292246484374        79991.741457059979       -8.7576578947368422E-002  0.62124492598684211       0.41705672291940793        16768494.212681042     
       40001   2.2599999999999976        380000.00000000000       -1.4337410049342105        2.0576494701161594        83402.788306921721        1.7744288651315790E-002  0.57561936101973687       0.36673508093415913        15008572.258484958     
       40001   2.2699999999999974        380000.00000000000       -1.4132720559210525        1.9993521778042762        82504.653084978461        9.9238651315789470E-004  0.53438493914473684       0.32263368640059620        13215035.456291009     
       40001   2.2799999999999971        380000.00000000000       -1.3922132582236841        1.9402228977127878        80492.189244672656       -3.1072532072368420E-002  0.48345669819078951       0.27218704881039268        11109234.547138736     
       40001   2.2899999999999969        380000.00000000000       -1.3704070082236841        1.8799040409241365        77360.035248041153       -8.6136348684210523E-003  0.42500085855263159       0.22010677898180511        9012534.6519514583     
       40001   2.2999999999999967        380000.00000000000       -1.3496551743421055        1.8233044228495066        71079.248735755682       -7.4555855263157902E-003  0.36700407894736842       0.17268305674547699        7070821.2117478102     
       40001   2.3099999999999965        380000.00000000000       -1.3297744177631581        1.7699087547759045        65894.508075356483        1.0706515624999999E-002  0.31275556496710527       0.13215752237433182        5408476.8930817414     
       40001   2.3199999999999963        380000.00000000000       -1.3117415888157895        1.7220997267413651        58725.618171617389       -3.1866299342105265E-003  0.27451778947368422       0.10349712425267268        4238826.2765500452     
       40001   2.3299999999999961        380000.00000000000       -1.2961203371710528        1.6812849423900083        55583.291867330670       -1.7531593750000001E-002  0.24395045723684208        8.4593588258634875E-002   3452364.0413888446     
       40001   2.3399999999999959        380000.00000000000       -1.2800773503289475        1.6398456364237253        51102.252996459603       -6.3333955592105263E-003  0.20920363733552630        6.4238090879677232E-002   2629549.2190358648     
       40001   2.3499999999999956        380000.00000000000       -1.2661679638157894        1.6043783609930098        49031.102447099984       -1.3414835526315788E-003  0.18987878782894735        5.3184146191920231E-002   2178348.9173011761     
