       40001   1.5000000000000000        380000.00000000000       -1.9510507368421053        3.8110623915789472        44.634138468252786       -8.8831368421052617E-002  0.98647894736842101       0.97355159999999996        9656.6058798444319     
       40001   1.5100000000000000        380000.00000000000       -1.9491470526315788        3.8038044336842103        46.302009018392710       -1.9829368421052630E-002  0.98591305263157891       0.97245438105263160        9720.6117720065376     
       40001   1.5200000000000000        380000.00000000000       -1.9470268421052632        3.7957566189473684        48.430950689747988       -1.9764789473684211E-002  0.98528710526315788       0.97124478000000003        9708.5413309706091     
       40001   1.5300000000000000        380000.00000000000       -1.9450311578947370        3.7881869978947367        50.407927133957855       -5.9138684210526316E-002  0.98470047368421054       0.97011071263157900        9666.1332866142657     
       40001   1.5400000000000000        380000.00000000000       -1.9427297894736841        3.7794441894736841        52.451545652191271       -3.9408105263157897E-002  0.98404221052631580       0.96883592631578941        9672.8292755535731     
       40001   1.5500000000000000        380000.00000000000       -1.9406420000000000        3.7715640968421051        54.727246781054419       -1.2815789473684210E-004  0.98339773684210530       0.96760058210526312        9676.0056568081709     
       40001   1.5600000000000001        380000.00000000000       -1.9382615789473683        3.7625632126315787        57.052642080328951       -9.8236578947368425E-002  0.98269215789473696       0.96623862631578938        9565.8820087250679     
       40001   1.5700000000000001        380000.00000000000       -1.9358695789473686        3.7535252168421049        59.341901482432149       -9.7944210526315790E-003  0.98197336842105254       0.96485467999999996        9647.5874931624385     
       40001   1.5800000000000001        380000.00000000000       -1.9335572631578948        3.7448021810526320        61.584911419842683       -3.9275789473684208E-002  0.98127147368421053       0.96350398315789476        9619.6139551911365     
       40001   1.5900000000000001        380000.00000000000       -1.9308264210526316        3.7345344378947369        64.437696598230104      -0.13723878947368420       0.98043163157894742       0.96189484736842112        9430.6036203221884     
       40001   1.6000000000000001        380000.00000000000       -1.9282917894736844        3.7250210526315786        67.118272799547412       -2.9392105263157898E-003  0.97965142105263159       0.96041016526315803        9604.0152630463999     
       40001   1.6100000000000001        380000.00000000000       -1.9256152631578949        3.7149635157894738        69.693740828253794        3.9169263157894735E-002  0.97883200000000004       0.95883382105263149        9572.9958987629907     
       40001   1.6200000000000001        380000.00000000000       -1.9229025263157893        3.7047858947368417        72.317690251969907      -0.10760942105263158       0.97800573684210523       0.95724874421052630        9456.6895671124366     
       40001   1.6300000000000001        380000.00000000000       -1.9201240000000002        3.6944006821052628        75.245067292627937       -5.8672052631578951E-002  0.97711952631578958       0.95556301368421048        9521.2060392420772     
       40001   1.6400000000000001        380000.00000000000       -1.9172132631578946        3.6835331873684214        78.264909398785676       -1.9485157894736843E-002  0.97621642105263162       0.95384249263157894        9534.6282125339603     
       40001   1.6500000000000001        380000.00000000000       -1.9142234736842105        3.6723917684210532        81.402612174082606       -2.9316736842105263E-002  0.97524063157894725       0.95199242105263160        9511.3294999356240     
       40001   1.6600000000000001        380000.00000000000       -1.9110864210526315        3.6607274821052633        84.761733735067537        1.9396947368421055E-002  0.97426094736842106       0.95012545894736855        9497.4921738015528     
       40001   1.6700000000000002        380000.00000000000       -1.9080556842105265        3.6495034231578947        88.269291097945825       -9.7869473684210530E-003  0.97328347368421053       0.94827793473684219        9481.8215039804982     
       40001   1.6800000000000002        380000.00000000000       -1.9048662105263159        3.6377323831578949        92.171031530080654        1.9520684210526315E-002  0.97222184210526319       0.94628410631578952        9459.0304920374238     
       40001   1.6900000000000002        380000.00000000000       -1.9015848421052632        3.6255679157894738        95.430040649749571        3.8842894736842104E-002  0.97118457894736832       0.94431181368421058        9428.0304321267322     
       40001   1.7000000000000002        380000.00000000000       -1.8983135789473684        3.6134731915789473        98.787475629804248       -5.8105894736842106E-002  0.97008663157894726       0.94224878736842110        9388.7249236525222     
       40001   1.7100000000000002        380000.00000000000       -1.8946609473684211        3.5999752884210525        102.35182938049547        1.9426578947368420E-002  0.96892963157894740       0.94006669157894740        9396.8929960934911     
       40001   1.7200000000000002        380000.00000000000       -1.8912305263157896        3.5874198063157894        106.66902647091047        2.0009736842105261E-002  0.96779331578947358       0.93795719263157895        9375.5680306308859     
       40001   1.7300000000000002        380000.00000000000       -1.8876067368421052        3.5741050778947372        110.45884923035919        9.6263157894736846E-005  0.96656668421052627       0.93564818842105268        9356.4817915445710     
       40001   1.7400000000000002        380000.00000000000       -1.8839478947368420        3.5606932252631580        114.33555179779069       -2.8881105263157892E-002  0.96539394736842110       0.93343736526315790        9326.0324702193629     
       40001   1.7500000000000002        380000.00000000000       -1.8801341052631579        3.5467434526315786        118.39198857883457       -5.7931368421052634E-002  0.96407736842105263       0.93098394736842105        9276.2790392128536     
       40001   1.7600000000000002        380000.00000000000       -1.8761906315789474        3.5323287957894740        122.37509764864080       -9.6952631578947363E-003  0.96280431578947367       0.92857785894736844        9284.8386081966764     
       40001   1.7700000000000002        380000.00000000000       -1.8721135789473684        3.5175667326315785        127.57480152454082        8.6514684210526327E-002  0.96131078947368420       0.92587102631578944        9183.8623573174245     
       40001   1.7800000000000002        380000.00000000000       -1.8679977894736843        3.5026438357894740        132.28094310902816        4.8778263157894734E-002  0.95990152631578951       0.92323237157894744        9208.5305262224665     
       40001   1.7900000000000003        380000.00000000000       -1.8637224210526315        3.4871879031578943        137.26640423612116       -1.4726894736842104E-002  0.95839457894736835       0.92045998631578951        9202.4310488719948     
       40001   1.8000000000000003        380000.00000000000       -1.8593427368421052        3.4714461473684213        142.90734320931369        7.3606578947368412E-002  0.95675931578947371       0.91750204105263167        9120.8411258829656     
       40001   1.8100000000000003        380000.00000000000       -1.8551486315789472        3.4562417852631580        146.65340013917739        2.4780842105263160E-002  0.95534694736842096       0.91488060210526312        9142.6651196981711     
       40001   1.8200000000000003        380000.00000000000       -1.8504533684210527        3.4393961473684214        152.18478667601448        1.1100000000000000E-002  0.95370105263157900       0.91185646105263152        9117.3325105263157     
       40001   1.8300000000000003        380000.00000000000       -1.8456069473684209        3.4221132042105267        158.48200035945047        4.3851789473684205E-002  0.95192347368421049       0.90859401263157891        9066.7103319153448     
       40001   1.8400000000000003        380000.00000000000       -1.8406645263157895        3.4045110947368418        164.65196299512172       -5.8307526315789476E-002  0.95004436842105267       0.90526004947368421        9018.6028184861771     
       40001   1.8500000000000003        380000.00000000000       -1.8359663157894739        3.3877524463157895        169.80133602215938       -3.8702052631578950E-002  0.94841584210526320       0.90223911684210523        9007.4126796420769     
       40001   1.8600000000000003        380000.00000000000       -1.8308860000000002        3.3697647705263161        176.21225530315132       -9.1521578947368412E-003  0.94652721052631572       0.89887464947368423        8987.9088747955411     
       40001   1.8700000000000003        380000.00000000000       -1.8258169473684212        3.3519268252631575        183.19299965418031        2.4610684210526316E-002  0.94437594736842101       0.89515429368421051        8945.4860790690018     
       40001   1.8800000000000003        380000.00000000000       -1.8203658947368422        3.3326802610526314        189.48270331567619       -4.2125473684210525E-002  0.94234578947368419       0.89145287157894748        8896.7831604582825     
       40001   1.8900000000000003        380000.00000000000       -1.8150038947368421        3.3138281894736843        195.89051563778776        7.0312315789473681E-002  0.94036526315789470       0.88786723368421039        8829.2341193253178     
       40001   1.9000000000000004        380000.00000000000       -1.8092226315789475        3.2936561894736842        203.69658856232491        9.0090894736842120E-002  0.93802415789473681       0.88375910210526309        8756.4273279077825     
       40001   1.9100000000000004        380000.00000000000       -1.8037576842105265        3.2745503242105265        210.08540862005248        6.1697894736842110E-003  0.93589905263157891       0.88001535578947365        8799.7728948732401     
       40001   1.9200000000000004        380000.00000000000       -1.7974238947368419        3.2527360378947368        220.03380523778833        6.3997947368421057E-002  0.93322668421052624       0.87544891894736843        8713.5318167999721     
       40001   1.9300000000000004        380000.00000000000       -1.7916475789473685        3.2326450357894738        226.43988641506439        9.1268947368421061E-002  0.93105926315789478       0.87155224631578954        8632.2222556204979     
       40001   1.9400000000000004        380000.00000000000       -1.7859676842105265        3.2129750778947366        232.94508850426064       -7.5206736842105257E-002  0.92877600000000005       0.86756466947368427        8619.0861620724663     
       40001   1.9500000000000004        380000.00000000000       -1.7794232631578948        3.1906024884210527        242.55338953562386        1.4075736842105264E-002  0.92597815789473681       0.86279282631578957        8625.9469994814135     
       40001   1.9600000000000004        380000.00000000000       -1.7726787368421051        3.1674686484210528        250.78744368931439        6.7871736842105262E-002  0.92322300000000002       0.85799656315789474        8533.8999049593076     
       40001   1.9700000000000004        380000.00000000000       -1.7667270526315790        3.1471893263157895        258.64847815523535       -3.4260842105263159E-002  0.92063210526315786       0.85359384842105268        8524.2004311929086     
       40001   1.9800000000000004        380000.00000000000       -1.7599875789473685        3.1244174821052630        268.61204056243150        4.7302631578947365E-003  0.91764794736842104       0.84858890842105261        8485.6653303150979     
       40001   1.9900000000000004        380000.00000000000       -1.7527909473684209        3.1003178105263158        280.41705349629410        6.6187263157894735E-002  0.91436431578947364       0.84317497894736848        8387.9422514303606     
       40001   2.0000000000000004        380000.00000000000       -1.7456656842105263        3.0761893810526315        288.40700022426245       -5.4083105263157891E-002  0.91116678947368424       0.83779615684210529        8348.7117456719952     
       40001   2.0100000000000002        380000.00000000000       -1.7380666315789475        3.0507799873684207        299.04371560232175       0.10449068421052632       0.90786773684210531       0.83217610210526305        8212.5779901847909     
       40001   2.0200000000000000        380000.00000000000       -1.7301242105263157        3.0243355115789474        310.05727729640057       -4.0677947368421057E-002  0.90397384210526310       0.82595339894736841        8242.9870354526047     
       40001   2.0299999999999998        380000.00000000000       -1.7228360000000000        3.0003381978947368        321.74314998736372        9.1781263157894741E-002  0.90067736842105262       0.82064013473684205        8122.1633446998339     
       40001   2.0399999999999996        380000.00000000000       -1.7147967368421053        2.9739481052631578        334.20256578825501        3.1142210526315786E-002  0.89668294736842102       0.81413078526315785        8131.6094798669246     
       40001   2.0499999999999994        380000.00000000000       -1.7069569473684212        2.9480328547368422        343.30834567523561       -3.7459789473684210E-002  0.89311694736842095       0.80834922947368426        8069.4599364627147     
       40001   2.0599999999999992        380000.00000000000       -1.6987116842105263        2.9213695284210526        357.48142347690009        4.0945000000000002E-002  0.88880973684210529       0.80159402210526309        7999.1752908026310     
       40001   2.0699999999999990        380000.00000000000       -1.6903889473684210        2.8940437768421052        366.28983456786591        5.2356210526315790E-002  0.88501599999999991       0.79537481684210520        7926.3364406142937     
       40001   2.0799999999999987        380000.00000000000       -1.6816125263157895        2.8660495452631576        382.28856600986182       -5.1894736842105257E-002  0.88006536842105265       0.78803032631578940        7853.3726260387812     
       40001   2.0899999999999985        380000.00000000000       -1.6729736842105263        2.8381075957894737        392.66647728532189        4.6278421052631576E-003  0.87597921052631578       0.78134381789473684        7813.2240097218555     
       40001   2.0999999999999983        380000.00000000000       -1.6636108421052631        2.8083990610526315        407.98027082448607        2.7189315789473683E-002  0.87077815789473689       0.77350482210526317        7727.6556321216340     
       40001   2.1099999999999981        380000.00000000000       -1.6539276842105264        2.7777073978947371        422.30613296742376       -6.4788421052631578E-002  0.86551431578947369       0.76553094315789472        7613.3340365540171     
       40001   2.1199999999999979        380000.00000000000       -1.6441015789473683        2.7468102526315792        437.40250734348956       -7.1638947368421061E-003  0.86019463157894738       0.75750349473684209        7574.5217334904155     
       40001   2.1299999999999977        380000.00000000000       -1.6341023157894736        2.7156695326315790        453.79154163058411       -8.5638421052631579E-003  0.85427100000000000       0.74893099473684210        7488.5765534523825     
       40001   2.1399999999999975        380000.00000000000       -1.6248227368421053        2.6865149810526314        464.66054893562250        2.8321578947368420E-003  0.84962436842105260       0.74165038842105258        7416.4236730271186     
       40001   2.1499999999999972        380000.00000000000       -1.6144785263157895        2.6544317557894739        478.90843854670675        4.3958736842105266E-002  0.84360547368421057       0.73283964000000001        7309.0726945524648     
       40001   2.1599999999999970        380000.00000000000       -1.6036548421052632        2.6209155242105262        492.06671602869756       -1.2050578947368419E-002  0.83744331578947362       0.72389140315789469        7237.4618670492800     
       40001   2.1699999999999968        380000.00000000000       -1.5927930526315790        2.5879805557894735        509.90847278049114       -8.8513157894736846E-003  0.83090394736842099       0.71449186421052624        7144.1351841932128     
       40001   2.1799999999999966        380000.00000000000       -1.5818781052631579        2.5547617852631577        524.23445352199269       -9.4889473684210517E-003  0.82415536842105264       0.70490272842105262        7048.1268829889195     
       40001   2.1899999999999964        380000.00000000000       -1.5725663157894738        2.5265996210526316        536.34803496952372        2.5357947368421053E-002  0.81905647368421053       0.69738986631578948        6967.4684082104986     
       40001   2.1999999999999962        380000.00000000000       -1.5595904210526317        2.4877076757894736        553.85394350349088       -2.2521368421052630E-002  0.81054736842105257       0.68582050947368423        6853.1329743812748     
       40001   2.2099999999999960        380000.00000000000       -1.5470452631578948        2.4505809852631582        572.31939003878142        1.5266526315789473E-002  0.80250768421052632       0.67465125684210525        6744.1819001635458     
       40001   2.2199999999999958        380000.00000000000       -1.5356701052631578        2.4170117642105264        587.29092011567991        3.4193157894736844E-003  0.79502099999999998       0.66461843894736838        6646.0674722690028     
       40001   2.2299999999999955        380000.00000000000       -1.5252640000000000        2.3858352421052631        594.04972409263064       -1.0424052631578948E-002  0.78927868421052638       0.65620589157894738        6560.9723070568143     
       40001   2.2399999999999953        380000.00000000000       -1.5128364210526317        2.3498230231578945        611.48986294558927        1.5030157894736842E-002  0.78121110526315785       0.64543383263157894        6452.0792698523819     
       40001   2.2499999999999951        380000.00000000000       -1.5011433684210527        2.3155895494736844        621.58136919179742       -1.5197000000000000E-002  0.77328163157894736       0.63494323473684211        6347.1228592784209     
       40001   2.2599999999999949        380000.00000000000       -1.4873789473684209        2.2761592673684210        638.63134293629264        8.2452105263157889E-003  0.76378173684210526       0.62243188736842103        6223.6390387179772     
       40001   2.2699999999999947        380000.00000000000       -1.4747305263157895        2.2398227789473681        649.92653699722723        2.9382315789473683E-002  0.75521799999999994       0.61109726315789481        6102.3394267674239     
       40001   2.2799999999999945        380000.00000000000       -1.4633724210526315        2.2073313768421055        658.72534144664678       -1.1727000000000001E-002  0.74762015789473679       0.60121502842105268        6010.7750589205261     
       40001   2.2899999999999943        380000.00000000000       -1.4494183157894736        2.1679588547368422        671.45400590847930       -5.9229473684210528E-003  0.73771084210526316       0.58848453263157896        5884.4945132604989     
       40001   2.2999999999999940        380000.00000000000       -1.4378744210526315        2.1355480884210527        680.65237703612365        5.4271052631578946E-003  0.72998478947368428       0.57856091894736850        5785.3146547583110     
       40001   2.3099999999999938        380000.00000000000       -1.4248258947368422        2.0991902484210523        690.61418108409634       -3.8110000000000002E-003  0.72115700000000005       0.56718999473684206        5671.7547101584205     
       40001   2.3199999999999936        380000.00000000000       -1.4098588421052631        2.0580486694736844        703.46714811291167        2.0245368421052633E-002  0.70933610526315793       0.55285783578947367        5524.4796084696954     
       40001   2.3299999999999934        380000.00000000000       -1.3999002105263159        2.0304823831578944        707.61783726271096       -9.3191578947368417E-003  0.70305368421052639       0.54463933052631586        5445.5248382244881     
       40001   2.3399999999999932        380000.00000000000       -1.3858641052631580        1.9921872210526315        715.67902795777991       -1.3824210526315790E-002  0.69226831578947368       0.53176655578947363        5315.7544699279779     
       40001   2.3499999999999930        380000.00000000000       -1.3727349473684212        1.9564667621052632        720.65526378681170       -1.0406684210526316E-002  0.68329763157894730       0.52039881789473685        5202.9051881847918     
       40001   2.3599999999999928        380000.00000000000       -1.3594883157894737        1.9209532505263160        727.44769758216353       -8.3317368421052633E-003  0.67336699999999994       0.50847166842105262        5084.0225058224651     
       40001   2.3699999999999926        380000.00000000000       -1.3464676842105263        1.8864004252631577        734.25200639900140       -8.5915263157894731E-003  0.66309973684210533       0.49645542210526317        4963.8160778082829     
       40001   2.3799999999999923        380000.00000000000       -1.3329954736842107        1.8504488378947368        735.71905032143695        9.1944210526315791E-003  0.65316157894736848       0.48449823789473684        4844.1370051624381     
       40001   2.3899999999999921        380000.00000000000       -1.3193434736842105        1.8145250568421052        738.57855288986320       -1.7922000000000000E-002  0.64271873684210534       0.47234024842105266        4720.1905033705261     
       40001   2.3999999999999919        380000.00000000000       -1.3079895789473683        1.7845881557894736        737.51417154559385        1.0048210526315788E-002  0.63473789473684217       0.46271290736842102        4626.1194083363989     
       40001   2.4099999999999917        380000.00000000000       -1.2924993684210526        1.7444673768421053        739.12759473285405       -1.3050894736842105E-002  0.62197657894736846       0.44816390421052626        4479.9357835709416     
       40001   2.4199999999999915        380000.00000000000       -1.2806624210526316        1.7142588589473686        741.62622250980348        6.0815789473684214E-003  0.61290347368421050       0.43795568000000001        4379.1869439750699     
       40001   2.4299999999999913        380000.00000000000       -1.2693644210526316        1.6851678989473684        738.81865513085904       -1.1987052631578947E-002  0.60455326315789470       0.42818165263157898        4280.3796320078673     
       40001   2.4399999999999911        380000.00000000000       -1.2554277894736843        1.6499248000000000        738.25865417218847       -9.4806315789473690E-003  0.59284231578947366       0.41531666947368423        4152.2678709854845     
       40001   2.4499999999999909        380000.00000000000       -1.2450964210526316        1.6234390484210526        731.73950702980619       -1.4915263157894737E-003  0.58560584210526312       0.40697423052631582        4069.7200587556508     
       40001   2.4599999999999906        380000.00000000000       -1.2333127368421053        1.5941698147368422        731.09507879878038        4.1500000000000000E-004  0.57640163157894742       0.39673630421052630        3967.3613198552630     
       40001   2.4699999999999904        380000.00000000000       -1.2194452631578947        1.5593315200000000        722.84770161772758        1.3996842105263158E-003  0.56517568421052633       0.38418293684210525        3841.8097772621604     
       40001   2.4799999999999902        380000.00000000000       -1.2091108421052632        1.5341065726315790        721.57544135080570        8.5352631578947374E-004  0.55789594736842107       0.37625279263157896        3762.5206412440721     
       40001   2.4899999999999900        380000.00000000000       -1.1970016842105264        1.5042534063157895        714.40374312952736        5.9354736842105260E-003  0.54759231578947376       0.36506349473684208        3650.2826488898613     
       40001   2.4999999999999898        380000.00000000000       -1.1867016842105265        1.4792233515789475        709.62464270847522        2.7047368421052632E-003  0.54010252631578948       0.35699409473684207        3569.8677913545703     
       40001   2.5099999999999896        380000.00000000000       -1.1741129473684211        1.4487162147368420        701.75001558681288       -1.7774210526315789E-003  0.52975415789473690       0.34614210421052632        3461.3894498492796     
       40001   2.5199999999999894        380000.00000000000       -1.1638630526315790        1.4240415536842106        694.64348403313124       -7.9989473684210523E-004  0.52168168421052630       0.33747580210526318        3374.7516227367314     
       40001   2.5299999999999891        380000.00000000000       -1.1523482105263156        1.3967696926315789        688.63294328376833        4.9888947368421054E-003  0.51324668421052633       0.32852496947368420        3285.0008040298894     
       40001   2.5399999999999889        380000.00000000000       -1.1423866315789473        1.3735046105263158        684.57394516022214        3.5862631578947369E-003  0.50541499999999995       0.32048776947368418        3204.7490819024652     
       40001   2.5499999999999887        380000.00000000000       -1.1304218947368421        1.3449776168421053        671.23956741673283        3.4631578947368421E-004  0.49462421052631578       0.30950555578947370        3095.0543585484766     
       40001   2.5599999999999885        380000.00000000000       -1.1205380000000000        1.3219939747368421        663.88565292842213        4.9228421052631578E-003  0.48778926315789478       0.30225486526315792        3022.3063088876456     
       40001   2.5699999999999883        380000.00000000000       -1.1120485263157895        1.3025474989473684        658.95574066249355        2.8796315789473685E-003  0.48109836842105258       0.29560438421052632        2955.9609193249585     
       40001   2.5799999999999881        380000.00000000000       -1.1015461052631579        1.2780672252631580        646.63403242725690        3.6825789473684213E-003  0.47282278947368417       0.28705427052631582        2870.4070913861219     
       40001   2.5899999999999879        380000.00000000000       -1.0907522105263157        1.2537504589473685        640.10074179324147       -2.1724736842105262E-003  0.46344805263157896       0.27788845789473687        2778.8373825282824     
       40001   2.5999999999999877        380000.00000000000       -1.0818478947368420        1.2336087957894737        632.13928442936412        1.9413684210526317E-003  0.45652894736842109       0.27121621684210528        2712.1244793075903     
       40001   2.6099999999999874        380000.00000000000       -1.0721821052631579        1.2117577010526317        621.83234206094312        1.2263157894736844E-005  0.44977173684210525       0.26418524736842103        2641.8524721803601     
       40001   2.6199999999999872        380000.00000000000       -1.0632268421052631        1.1919967873684210        615.45469595290888       -3.4383684210526318E-003  0.44276394736842106       0.25736318000000002        2573.5135762260111     
       40001   2.6299999999999870        380000.00000000000       -1.0548635789473684        1.1735485473684211        608.11377178770090       -2.1386315789473686E-003  0.43603389473684212       0.25084346315789474        2508.3888941286427     
       40001   2.6399999999999868        380000.00000000000       -1.0460034736842105        1.1538964421052631        597.73175145828100       -4.5026315789473684E-004  0.42936542105263159       0.24461006631578949        2446.0986357887814     
       40001   2.6499999999999866        380000.00000000000       -1.0370711578947369        1.1346717221052631        591.55135568132755       -3.0387894736842104E-003  0.42215184210526319       0.23780808315789473        2377.9884891642937     
       40001   2.6599999999999864        380000.00000000000       -1.0297534736842104        1.1183689010526316        579.76684487933380        2.4655263157894736E-003  0.41658289473684212       0.23232693368421051        2323.2085486419664     
       40001   2.6699999999999862        380000.00000000000       -1.0207800000000000        1.0992049768421053        572.13168442105234       -3.2651578947368422E-003  0.40942684210526314       0.22569208421052631        2256.8142295444873     
       40001   2.6799999999999859        380000.00000000000       -1.0131132631578947        1.0829939452631578        565.95461276720198       -1.2051578947368422E-003  0.40448421052631578       0.22079875789473685        2207.9730548918560     
       40001   2.6899999999999857        380000.00000000000       -1.0047920000000001        1.0652710400000001        556.64076735999879        8.8952631578947364E-004  0.39750900000000000       0.21459983052631579        2145.9903926924931     
       40001   2.6999999999999855        380000.00000000000      -0.99720757894736844        1.0494657263157894        550.42770805717373        1.3192631578947370E-003  0.39234231578947365       0.20976924631578950        2097.6750586050971     
       40001   2.7099999999999853        380000.00000000000      -0.98958410526315788        1.0335781431578948        543.01441768410041        1.6542105263157895E-003  0.38635021052631580       0.20429728000000000        2042.9454358753462     
       40001   2.7199999999999851        380000.00000000000      -0.98242021052631590        1.0184727999999998        533.23329949429171        2.9173684210526320E-003  0.38132863157894742       0.19955631157894735        1995.4780054044320     
       40001   2.7299999999999849        380000.00000000000      -0.97543210526315793        1.0041786400000001        527.10848021883794       -3.8957894736842109E-004  0.37562705263157897       0.19466556421052633        1946.6541243877009     
       40001   2.7399999999999847        380000.00000000000      -0.96970494736842094       0.99257616421052630        522.48479259734086       -3.2085789473684212E-003  0.37214036842105264       0.19145352947368421        1914.4323449482272     
       40001   2.7499999999999845        380000.00000000000      -0.96187273684210528       0.97654415578947373        513.44993909351979        3.7226315789473685E-003  0.36632936842105268       0.18628623368421052        1862.7237569833794     
       40001   2.7599999999999842        380000.00000000000      -0.95467778947368420       0.96210264000000012        506.92958285640088       -1.6204736842105264E-003  0.36152163157894734       0.18197260526315789        1819.6997932819668     
       40001   2.7699999999999840        380000.00000000000      -0.94807189473684206       0.94873050526315783        498.90187673252149       -1.8704210526315789E-003  0.35608852631578947       0.17741735789473684        1774.1385941982271     
       40001   2.7799999999999838        380000.00000000000      -0.94114684210526323       0.93523165052631574        494.74272121606555        1.7537894736842105E-003  0.35120421052631579       0.17324056842105262        1732.3749264353462     
       40001   2.7899999999999836        380000.00000000000      -0.93571284210526318       0.92435915789473688        488.00635014027830       -4.1484210526315790E-004  0.34803105263157896       0.17024931789473685        1702.4914580076454     
       40001   2.7999999999999834        380000.00000000000      -0.92936042105263150       0.91208100210526322        483.70209886138582       -4.3805263157894737E-004  0.34382857894736846       0.16675862000000000        1667.5842810989195     
       40001   2.8099999999999832        380000.00000000000      -0.92326873684210531       0.90014294315789467        477.17782727877966        2.1955789473684212E-003  0.33920378947368418       0.16270245894736843        1626.9763838045430     
       40001   2.8199999999999830        380000.00000000000      -0.91794789473684202       0.88980823999999992        471.79902548199425       -9.4210526315789471E-006  0.33534247368421055       0.15960661157894737        1596.0661149019115     
       40001   2.8299999999999828        380000.00000000000      -0.91223210526315801       0.87869776421052626        465.30350337673008       -4.5263157894736840E-005  0.33194978947368420       0.15661494947368421        1566.1494742493076     
       40001   2.8399999999999825        380000.00000000000      -0.90653000000000006       0.86792168000000003        461.25039099999958       -6.3747368421052640E-004  0.32803873684210527       0.15332178947368419        1533.2138310098615     
       40001   2.8499999999999823        380000.00000000000      -0.89876305263157885       0.85321625684210523        454.41232066471002       -1.9134736842105263E-003  0.32227400000000000       0.14867129894736844        1486.6763756582827     
       40001   2.8599999999999821        380000.00000000000      -0.89463578947368416       0.84543931789473681        450.66122087534677        2.5209999999999998E-003  0.31977878947368421       0.14670966421052631        1467.0330876952630     
       40001   2.8699999999999819        380000.00000000000      -0.88970684210526318       0.83623702315789472        446.58758268974998        7.8200000000000003E-004  0.31705368421052632       0.14439641894736843        1443.9580742336841     
       40001   2.8799999999999817        380000.00000000000      -0.88293968421052627       0.82362208421052641        440.39598256742556       -1.1045789473684211E-003  0.31168668421052631       0.14025611473684210        1402.5489464219113     
       40001   2.8899999999999815        380000.00000000000      -0.87819147368421058       0.81491201263157886        436.91748179933438        1.1376315789473684E-003  0.30957152631578944       0.13833346210526315        1383.3216789965372     
       40001   2.8999999999999813        380000.00000000000      -0.87336947368421047       0.80617311157894733        433.98874015512502       -5.3784210526315785E-004  0.30664363157894736       0.13576543894736842        1357.6514967323822     
       40001   2.9099999999999810        380000.00000000000      -0.86798052631578937       0.79637238315789471        429.82189094459955       -2.4397894736842103E-003  0.30300968421052632       0.13300508000000000        1329.9912742732411     
       40001   2.9199999999999808        380000.00000000000      -0.86337000000000008       0.78792530947368422        425.17552573684134        1.3814210526315791E-003  0.29985563157894740       0.13047186631578947        1304.6995799166482     
       40001   2.9299999999999806        380000.00000000000      -0.85809442105263156       0.77815148210526308        418.25446663612183       -1.2935263157894735E-003  0.29600784210526315       0.12750745999999999        1275.0578678967036     
       40001   2.9399999999999804        380000.00000000000      -0.85361315789473680       0.77033722526315784        416.81801932133021       -7.8473684210526322E-005  0.29387036842105263       0.12580739473684210        1258.0738857872300     
       40001   2.9499999999999802        380000.00000000000      -0.84867463157894729       0.76168284210526316        414.34211819601205        7.7600000000000000E-004  0.29129778947368423       0.12389418105263157        1238.9357887663157     
       40001   2.9599999999999800        380000.00000000000      -0.84375242105263160       0.75270901894736841        407.90870915191226       -6.5231578947368423E-004  0.28867957894736845       0.12161369473684211        1216.1326922095291     
       40001   2.9699999999999798        380000.00000000000      -0.83839957894736838       0.74349934315789479        405.85489178770149       -1.8547368421052631E-004  0.28514147368421056       0.11907535578947367        1190.7532138898614     
       40001   2.9799999999999796        380000.00000000000      -0.83465284210526325       0.73661094736842103        399.65580534027595        3.7257894736842105E-004  0.28280910526315789       0.11719868947368420        1171.9855065861218     
       40001   2.9899999999999793        380000.00000000000      -0.83065936842105259       0.72985345684210523        398.58470496443260       -2.7399999999999999E-004  0.27997389473684214       0.11519832631578947        1151.9825123978947     
       40001   2.9999999999999791        380000.00000000000      -0.82570736842105263       0.72132250947368426        395.29851208864238       -2.4482631578947368E-003  0.27786384210526316       0.11344801789473684        1134.4202390224652     
       40001   3.0099999999999789        380000.00000000000      -0.82165694736842099       0.71451525473684219        393.95115578049990       -1.1038947368421051E-003  0.27514842105263154       0.11153999157894737        1115.3877299535734     
       40001   3.0199999999999787        380000.00000000000      -0.81696915789473679       0.70628857684210522        388.49971890869892        1.8834210526315789E-003  0.27254342105263157       0.10951399684210526        1095.1044956724377     
       40001   3.0299999999999785        380000.00000000000      -0.81219484210526316       0.69831714947368417        386.56687931290799        3.5768421052631582E-004  0.27006610526315789       0.10778233684210527        1077.8220890411080     
       40001   3.0399999999999783        380000.00000000000      -0.80877378947368428       0.69235910315789473        382.44060618271305       -6.8142105263157898E-004  0.26753184210526315       0.10591606631578948        1059.1560198113850     
       40001   3.0499999999999781        380000.00000000000      -0.80403063157894739       0.68456055157894735        380.95295061706383       -2.0631578947368420E-004  0.26567031578947370       0.10456252421052632        1045.6248164432134     
       40001   3.0599999999999778        380000.00000000000      -0.80021084210526316       0.67796141894736839        376.24027124554050        3.2347368421052630E-004  0.26291747368421053       0.10244924421052631        1024.4913957530193     
       40001   3.0699999999999776        380000.00000000000      -0.79636431578947364       0.67166489684210529        374.68773379268714        1.2307894736842105E-003  0.26058457894736842       0.10095167684210525        1009.5016199937672     
       40001   3.0799999999999774        380000.00000000000      -0.79280168421052633       0.66589049263157896        373.55982144531754        4.3515789473684211E-004  0.25944105263157896       0.10005031578947370        1000.5012642708034     
       40001   3.0899999999999772        380000.00000000000      -0.78843968421052635       0.65879837052631585        371.61234888321269        1.0815263157894738E-003  0.25652994736842105        9.8088552631578937E-002   980.87382932407195     
       40001   3.0999999999999770        380000.00000000000      -0.78405652631578948       0.65151155789473691        367.66921436354642        1.0678947368421053E-003  0.25478557894736842        9.6718909473684209E-002   967.17769074515229     
       40001   3.1099999999999768        380000.00000000000      -0.78123326315789465       0.64686010947368422        365.34698009351905        9.7294736842105272E-004  0.25307515789473684        9.5622322105263169E-002   956.21375478681443     
       40001   3.1199999999999766        380000.00000000000      -0.77699484210526326       0.64001186947368427        362.90884815501340        4.2605263157894735E-004  0.25124205263157895        9.4157051578947368E-002   941.56870058102493     
       40001   3.1299999999999764        380000.00000000000      -0.77318547368421053       0.63392676210526311        361.10985388986137        3.0178947368421051E-004  0.24927326315789475        9.2850945263157889E-002   928.50854186271465     
       40001   3.1399999999999761        380000.00000000000      -0.76973063157894739       0.62845895157894738        359.73706388022129        7.0836842105263158E-004  0.24701236842105265        9.1446213684210520E-002   914.45711898390573     
       40001   3.1499999999999759        380000.00000000000      -0.76600473684210524       0.62259696421052635        358.33707345983385       -7.1894736842105262E-005  0.24525684210526313        9.0143378947368416E-002   901.43373778515240     
       40001   3.1599999999999757        380000.00000000000      -0.76219905263157894       0.61626050947368416        353.13113641207747        1.9315789473684211E-005  0.24316973684210527        8.8659466315789470E-002   886.59465942689746     
       40001   3.1699999999999755        380000.00000000000      -0.75907799999999992       0.61155217263157891        353.52762547579005       -1.2546315789473683E-003  0.24237821052631578        8.8056549473684215E-002   880.54975373285322     
       40001   3.1799999999999753        380000.00000000000      -0.75571610526315791       0.60625549894736841        351.48667193252004        1.2711578947368421E-003  0.24023842105263157        8.6633418947368424E-002   866.31803104975074     
       40001   3.1899999999999751        380000.00000000000      -0.75251852631578942       0.60127449263157895        349.90360183091525        4.5263157894736843E-006  0.23887210526315791        8.5819486315789464E-002   858.19486295301931     
       40001   3.1999999999999749        380000.00000000000      -0.74829768421052634       0.59465611789473682        347.06693699900279       -4.5078947368421050E-004  0.23684836842105261        8.4386118947368430E-002   843.85915736218840     
       40001   3.2099999999999747        380000.00000000000      -0.74510378947368427       0.58971043368421050        345.30776596166197        1.3336315789473684E-003  0.23530300000000001        8.3295674736842101E-002   832.93896163653733     
       40001   3.2199999999999744        380000.00000000000      -0.74185494736842106       0.58460593684210527        342.57173907102515       -1.0140526315789474E-003  0.23403826315789472        8.2419489473684215E-002   824.18461170944602     
       40001   3.2299999999999742        380000.00000000000      -0.73877873684210527       0.58006234105263155        342.68319042614894        1.2094736842105263E-003  0.23218831578947369        8.1284052631578951E-002   812.82589804986151     
       40001   3.2399999999999740        380000.00000000000      -0.73477263157894734       0.57394883368421046        340.58013566758927        3.2542105263157895E-004  0.23088910526315790        8.0386100000000002E-002   803.85994101138499     
       40001   3.2499999999999738        380000.00000000000      -0.73188821052631581       0.56954142315789480        338.81070450482002        1.6152631578947370E-004  0.22913815789473685        7.9341472631578952E-002   793.41446540828258     
       40001   3.2599999999999736        380000.00000000000      -0.72901631578947379       0.56521895999999994        337.54171312742255        5.7747368421052635E-004  0.22782105263157895        7.8376077894736842E-002   783.75744418880890     
       40001   3.2699999999999734        380000.00000000000      -0.72577947368421047       0.56041261894736849        336.56774526038862       -3.2405263157894736E-004  0.22688921052631578        7.7808826315789476E-002   778.08721305681445     
       40001   3.2799999999999732        380000.00000000000      -0.72231810526315787       0.55522039578947369        334.76950598515305       -4.7410526315789473E-004  0.22476747368421052        7.6427978947368427E-002   764.27754171567869     
       40001   3.2899999999999729        380000.00000000000      -0.71976031578947375       0.55142926736842113        333.74355183058196        1.5836842105263160E-004  0.22350436842105265        7.5551681052631575E-002   755.51655972074798     
       40001   3.2999999999999727        380000.00000000000      -0.71632747368421046       0.54625215578947373        331.27106234670464        3.6552631578947370E-004  0.22238784210526316        7.4912801052631567E-002   749.12667443144039     
       40001   3.3099999999999725        380000.00000000000      -0.71370294736842110       0.54245269894736836        330.80801864997102        1.2133157894736841E-003  0.22141110526315788        7.4309638947368417E-002   743.08166812163438     
       40001   3.3199999999999723        380000.00000000000      -0.71059010526315791       0.53779429052631578        328.55992828409944        1.1989473684210525E-004  0.21976757894736842        7.3211210526315795E-002   732.11196151567867     
       40001   3.3299999999999721        380000.00000000000      -0.70811305263157887       0.53409677473684214        326.72679429628897        6.4894736842105265E-004  0.21907263157894735        7.2753450526315794E-002   727.53029393628810     
       40001   3.3399999999999719        380000.00000000000      -0.70433410526315798       0.52864235789473690        325.55826057883587       -3.4715789473684214E-004  0.21713273684210527        7.1623143157894739E-002   716.23022639290866     
       40001   3.3499999999999717        380000.00000000000      -0.70193578947368418       0.52506863999999998        323.54787455955648       -7.7157894736842110E-004  0.21594273684210527        7.0828835789473674E-002   708.28240455401658     
       40001   3.3599999999999715        380000.00000000000      -0.69791042105263157       0.51934276631578946        322.63810501927946       -1.3452105263157897E-003  0.21435057894736842        6.9866620000000004E-002   698.64810408639892     
       40001   3.3699999999999712        380000.00000000000      -0.69642221052631581       0.51730376000000000        322.99864685639750        6.9331578947368425E-004  0.21379426315789474        6.9524518947368427E-002   695.24038260584496     
       40001   3.3799999999999710        380000.00000000000      -0.69307705263157904       0.51252977684210532        321.73975957628772        2.2273684210526317E-004  0.21291852631578947        6.8922837894736841E-002   689.22788283036016     
       40001   3.3899999999999708        380000.00000000000      -0.68955073684210533       0.50744500210526311        319.64783425772748        1.0509473684210528E-003  0.21127905263157895        6.7925776842105268E-002   679.24672351734080     
       40001   3.3999999999999706        380000.00000000000      -0.68755105263157901       0.50454102315789473        318.14573183102402        1.9894736842105262E-005  0.21019621052631579        6.7189244210526314E-002   671.89243814725762     
       40001   3.4099999999999704        380000.00000000000      -0.68425094736842107       0.49982789894736845        316.28539972786621       -1.4668421052631579E-003  0.20894157894736842        6.6453806315789468E-002   664.51654690027704     
       40001   3.4199999999999702        380000.00000000000      -0.68220578947368427       0.49707389894736842        316.69159755955661        2.2426315789473683E-004  0.20799647368421051        6.5974994736842110E-002   659.74944442878120     
       40001   3.4299999999999700        380000.00000000000      -0.67943336842105273       0.49316555368421050        315.35851560232641       -2.5231578947368421E-004  0.20712421052631580        6.5345858947368426E-002   653.45795284110807     
       40001   3.4399999999999697        380000.00000000000      -0.67698231578947377       0.48966067368421057        313.55617792531848        6.1721052631578943E-004  0.20619678947368419        6.4831887368421048E-002   648.31506419587254     
       40001   3.4499999999999695        380000.00000000000      -0.67399863157894746       0.48563654315789473        313.62387787600983        5.5978947368421055E-004  0.20519063157894737        6.4249075789473684E-002   642.48762425218831     
       40001   3.4599999999999693        380000.00000000000      -0.67138284210526322       0.48208634526315791        313.31424589817107        2.2647368421052630E-004  0.20421636842105262        6.3687683157894748E-002   636.87631867565096     
       40001   3.4699999999999691        380000.00000000000      -0.66842789473684205       0.47787891789473685        310.83067432410098       -4.4621052631578951E-004  0.20281810526315791        6.2839077894736847E-002   628.38878790903050     
       40001   3.4799999999999689        380000.00000000000      -0.66628936842105257       0.47498586526315795        310.44342792232783       -4.3368421052631579E-005  0.20183378947368422        6.2260094736842110E-002   622.60092856022163     
       40001   3.4899999999999687        380000.00000000000      -0.66432705263157898       0.47230074526315791        309.70312404997185        1.9921052631578947E-004  0.20132584210526314        6.1957417894736841E-002   619.57378209903050     
