       40001   1.5000000000000000        380000.00000000000       -1.9496621842105264        3.8027428055263162        249.62767772085499       -2.9200447368421055E-002  0.98272823684210520       0.96879567197368410        154870.88093554691     
       40001   1.5100000000000000        380000.00000000000       -1.9477037631578946        3.7951118523684215        249.90453583956696        7.8419999999999990E-002  0.98256478947368420       0.96812802092105266        153916.53192336843     
       40001   1.5200000000000000        380000.00000000000       -1.9460199210526314        3.7885077965789473        242.28215124120470       -7.0092868421052626E-002  0.98275794736842104       0.96787459881578941        154073.85417796776     
       40001   1.5300000000000000        380000.00000000000       -1.9433604473684210        3.7783668123684211        274.71743558906019       -2.2174250000000000E-002  0.98071088157894737       0.96512158059210529        154340.78131664684     
       40001   1.5400000000000000        380000.00000000000       -1.9418919473684211        3.7725305184210529        253.78930667752866       -9.7972236842105258E-003  0.98181661842105261       0.96579754888157898        154512.25012634567     
       40001   1.5500000000000000        380000.00000000000       -1.9396629736842104        3.7639215823684209        260.66094191151205       -4.9231513157894737E-002  0.98125764473684218       0.96462624532894736        153952.40055058102     
       40001   1.5600000000000001        380000.00000000000       -1.9368517105263157        3.7532239760526318        292.70839742664248       -8.0231434210526323E-002  0.97925080263157893       0.96179374546052643        152857.06598800773     
       40001   1.5700000000000001        380000.00000000000       -1.9350016578947369        3.7459850665789478        280.58408377075102        2.9928065789473685E-002  0.97981456578947368       0.96184937598684206        153752.58989839090     
       40001   1.5800000000000001        380000.00000000000       -1.9324979473684212        3.7363461842105266        287.65882037847769        1.1307381578947369E-002  0.97920896052631579       0.96054414835526314        153666.60663633459     
       40001   1.5900000000000001        380000.00000000000       -1.9303293684210527        3.7278934652631577        275.51914789399598       -1.9596434210526318E-002  0.97957732894736838       0.96030958453947368        153588.09028891299     
       40001   1.6000000000000001        380000.00000000000       -1.9277091578947370        3.7178937442105262        292.98348468646873        2.9152105263157892E-002  0.97845428947368418       0.95843421263157891        153213.49878244873     
       40001   1.6100000000000001        380000.00000000000       -1.9249990526315790        3.7075777042105265        313.01625248789787       -8.7350539473684208E-002  0.97722051315789471       0.95636308717105256        151797.27526795343     
       40001   1.6200000000000001        380000.00000000000       -1.9223815000000000        3.6975296150000001        316.63735324004665        6.8525842105263163E-002  0.97667865789473685       0.95509393223684225        152063.70259209708     
       40001   1.6300000000000001        380000.00000000000       -1.9192757894736843        3.6857420436842103        339.59801990026608        2.9737749999999997E-002  0.97521651315789470       0.95273068901315783        152295.41683809526     
       40001   1.6400000000000001        380000.00000000000       -1.9165601842105264        3.6752886492105268        333.71352151036263        2.9491960526315787E-002  0.97518646052631586       0.95189039559210520        152163.29917702710     
       40001   1.6500000000000001        380000.00000000000       -1.9137602631578945        3.6646508447368418        347.59998314687982       -5.7958513157894735E-002  0.97429385526315782       0.95015367809210527        151487.11821514103     
       40001   1.6600000000000001        380000.00000000000       -1.9106873947368421        3.6529501771052630        355.81707184028346       -9.6169605263157903E-003  0.97349506578947365       0.94846922993421046        151740.27904071132     
       40001   1.6700000000000002        380000.00000000000       -1.9075752631578948        3.6411989210526312        376.88583051518071       -7.7801315789473692E-004  0.97218288157894728       0.94622034611842099        151395.15853023154     
       40001   1.6800000000000002        380000.00000000000       -1.9043988684210527        3.6291689628947368        389.42605621612165       -4.8412815789473686E-002  0.97118876315789482       0.94427019473684215        150708.22304066826     
       40001   1.6900000000000002        380000.00000000000       -1.9012635263157895        3.6172487994736837        391.32847598928493        1.9754355263157896E-002  0.97061114473684218       0.94279682493421058        150785.05446117560     
       40001   1.7000000000000002        380000.00000000000       -1.8978730789473683        3.6044497939473685        404.41122467268724        9.6068157894736838E-003  0.96962342105263166       0.94077196789473694        150508.74831761984     
       40001   1.7100000000000002        380000.00000000000       -1.8946526052631580        3.5923061171052630        415.61959596653469       -2.9028486842105260E-002  0.96872669736842099       0.93890255822368418        150089.58482805471     
       40001   1.7200000000000002        380000.00000000000       -1.8911234736842104        3.5790281515789473        428.82541752210818       -6.7893842105263155E-002  0.96761042105263162       0.93671811552631568        149137.36667688022     
       40001   1.7300000000000002        380000.00000000000       -1.8871870526315788        3.5643089263157899        453.43275128386449       -2.8812210526315791E-002  0.96597276315789471       0.93385053223684211        149283.26220182871     
       40001   1.7400000000000002        380000.00000000000       -1.8836528684210527        3.5510495171052630        464.22214310453273       -2.8256578947368421E-004  0.96498961842105258       0.93179557388157896        149087.27904610458     
       40001   1.7500000000000002        380000.00000000000       -1.8800875526315790        3.5376985855263157        475.10079457843676        3.8654184210526313E-002  0.96392710526315795       0.92966385052631573        148507.15273109352     
       40001   1.7600000000000002        380000.00000000000       -1.8759087105263157        3.5221153123684212        493.09154238668270        2.8872052631578948E-002  0.96263644736842113       0.92708371802631573        148200.01961650481     
       40001   1.7700000000000002        380000.00000000000       -1.8719574999999999        3.5074489813157896        515.85592152632307        6.7488513157894739E-002  0.96111514473684212       0.92429482546052621        147158.42016836206     
       40001   1.7800000000000002        380000.00000000000       -1.8676870263157894        3.4916354134210525        540.89362443774007        1.8901210526315791E-002  0.95930386842105264       0.92113219592105267        147323.99042587081     
       40001   1.7900000000000003        380000.00000000000       -1.8634761578947368        3.4760040121052631        553.69937010132708       -2.8700565789473682E-002  0.95822548684210529       0.91875376782894747        146868.80725636985     
       40001   1.8000000000000003        380000.00000000000       -1.8591488684210526        3.4600285265789474        575.04186042677611        1.9203118421052632E-002  0.95663338157894739       0.91577554835526320        146465.08617570723     
       40001   1.8100000000000003        380000.00000000000       -1.8546351842105264        3.4433822397368421        593.69171603664290        5.7322815789473687E-002  0.95515573684210520       0.91288919289473691        145536.52602955248     
       40001   1.8200000000000003        380000.00000000000       -1.8503051315789474        3.4274538728947364        611.96687157603446        4.8473684210526311E-005  0.95362807894736845       0.91000269039473680        145600.43008720619     
       40001   1.8300000000000003        380000.00000000000       -1.8455272631578947        3.4099516636842107        636.92554002266843        7.6196486842105268E-002  0.95186140789473683       0.90671032848684208        144144.70782076207     
       40001   1.8400000000000003        380000.00000000000       -1.8410042368421053        3.3933797728947370        653.30765186471399        2.8444131578947367E-002  0.95024252631578943       0.90364670763157906        144454.02224164776     
       40001   1.8500000000000003        380000.00000000000       -1.8358327631578948        3.3745532118421053        683.40440930472687        9.4530657894736844E-003  0.94828506578947369       0.89999856374999998        143985.47252754879     
       40001   1.8600000000000003        380000.00000000000       -1.8308662368421054        3.3565266928947373        712.88250981841702       -5.6780881578947368E-002  0.94628185526315789       0.89634695532894726        142899.66189057037     
       40001   1.8700000000000003        380000.00000000000       -1.8255296315789473        3.3371418352631577        733.34391846240032       0.12280450000000000       0.94444228947368414       0.89277678447368414        140431.33428054946     
       40001   1.8800000000000003        380000.00000000000       -1.8204845526315792        3.3188779507894739        754.23110708373133       -7.5405868421052624E-002  0.94251634210526314       0.88917298960526314        141357.91113806880     
       40001   1.8900000000000003        380000.00000000000       -1.8151498684210525        3.2996662992105268        783.56070104998071      -0.12231493421052632       0.94045109210526323       0.88534272282894744        139261.08475168352     
       40001   1.9000000000000004        380000.00000000000       -1.8096378947368421        3.2798771463157892        814.05379971186630       0.13140778947368420       0.93830173684210516       0.88136729526315793        138255.88610060766     
       40001   1.9100000000000004        380000.00000000000       -1.8034016842105263        3.2575561110526317        847.75623028306291       -9.3637763157894734E-003  0.93581343421052632       0.87681124151315804        140275.76979300255     
       40001   1.9200000000000004        380000.00000000000       -1.7982230789473683        3.2390349339473685        868.59076614637161        1.8626842105263157E-002  0.93392134210526323       0.87326486565789474        139666.86502577286     
       40001   1.9300000000000004        380000.00000000000       -1.7918806315789473        3.2164690584210525        901.25769492570544        9.2816052631578948E-003  0.93126473684210520       0.86839740539473675        138929.80115175611     
       40001   1.9400000000000004        380000.00000000000       -1.7857171315789475        3.1946376855263159        936.32184188347310       -2.6565789473684208E-005  0.92872406578947364       0.86375781861842094        138201.25086602877     
       40001   1.9500000000000004        380000.00000000000       -1.7793864210526318        3.1722869194736845        971.34144755051238        7.0020131578947375E-002  0.92603373684210522       0.85891325894736836        136641.67041936563     
       40001   1.9600000000000004        380000.00000000000       -1.7729368157894738        3.1496132618421053        1009.3294496618910      -0.13297306578947368       0.92329009210526325       0.85391178059210526        133796.79109866457     
       40001   1.9700000000000004        380000.00000000000       -1.7665863684210528        3.1273094163157893        1037.1230759529863       -3.6761328947368416E-002  0.92069161842105263       0.84919533111842105        135655.02972999110     
       40001   1.9800000000000004        380000.00000000000       -1.7596180789473683        3.1029988302631581        1078.8874407569529        2.7487118421052628E-002  0.91764574999999993       0.84372436717105270        134875.01207871354     
       40001   1.9900000000000004        380000.00000000000       -1.7524188421052631        3.0779327478947369        1113.7519566697301       0.10073523684210527       0.91447363157894745       0.83801727144736848        132459.14936091736     
       40001   2.0000000000000004        380000.00000000000       -1.7452993421052632        3.0533255139473683        1160.9152630887111       -4.5785921052631580E-002  0.91120471052631569       0.83222740526315797        132820.96875144323     
       40001   2.0100000000000002        380000.00000000000       -1.7382857631578945        3.0291609339473684        1203.7663279910921      -0.11797884210526316       0.90808105263157901       0.82666713921052637        130039.70112416444     
       40001   2.0200000000000000        380000.00000000000       -1.7305985789473683        3.0027698457894738        1247.7446935717016       -1.8258631578947370E-002  0.90440497368421047       0.82020443578947366        131179.36930597405     
       40001   2.0299999999999998        380000.00000000000       -1.7229668684210526        2.9766662034210527        1288.2197991046123       -9.9154907894736855E-002  0.90074227631578951       0.81380538493421051        128635.79026793549     
       40001   2.0399999999999996        380000.00000000000       -1.7151771842105261        2.9502437065789473        1345.7493348156568        3.9974763157894735E-002  0.89683063157894738       0.80709785763157893        128879.98015072788     
       40001   2.0499999999999994        380000.00000000000       -1.7068274473684211        2.9219977118421050        1398.0442803048645        6.7158157894736836E-002  0.89268644736842107       0.79995653434210523        127271.41058724653     
       40001   2.0599999999999992        380000.00000000000       -1.6982428421052631        2.8930860689473685        1449.1709096970735       -4.0820986842105264E-002  0.88839524999999997       0.79255917677631582        126542.85180952839     
       40001   2.0699999999999990        380000.00000000000       -1.6900390789473685        2.8656020797368424        1499.1986188116716       -3.4498855263157893E-002  0.88421590789473681       0.78545372138157887        125482.16805873769     
       40001   2.0799999999999987        380000.00000000000       -1.6811194473684210        2.8358903586842104        1556.4419782248442        6.1640855263157893E-002  0.87940356578947376       0.77736776822368425        123770.90770977770     
       40001   2.0899999999999985        380000.00000000000       -1.6716796578947370        2.8046333592105266        1619.2768946338329       -7.9004486842105259E-002  0.87437827631578946       0.76880285230263157        122009.78293783155     
       40001   2.0999999999999983        380000.00000000000       -1.6617470526315790        2.7720686373684211        1706.4592701889924        2.8399868421052629E-002  0.86826694736842103       0.75896462657894737        121305.29184841827     
       40001   2.1099999999999981        380000.00000000000       -1.6522795789473685        2.7409792978947367        1752.2385421189829        1.2814842105263157E-002  0.86329284210526314       0.75059666789473689        120069.19163464864     
       40001   2.1199999999999979        380000.00000000000       -1.6419935789473683        2.7077147068421055        1851.4869660348631      -0.15953643421052632       0.85650303947368411       0.74008326822368420        114341.02310129194     
       40001   2.1299999999999977        380000.00000000000       -1.6316951842105263        2.6744939481578944        1930.3638371314155        2.4988526315789471E-002  0.85011263157894734       0.72993913868421045        116690.35395788410     
       40001   2.1399999999999975        380000.00000000000       -1.6207017631578946        2.6392446297368419        2011.2679413973819       -9.4989618421052635E-002  0.84285132894736847       0.71877032072368419        113559.56689854512     
       40001   2.1499999999999972        380000.00000000000       -1.6100784210526315        2.6053416684210524        2078.2634370747255       -6.0526157894736837E-002  0.83634702631578950       0.70831973276315796        112745.01071578549     
       40001   2.1599999999999970        380000.00000000000       -1.5985894210526317        2.5691123068421051        2179.8671585147385       -3.8001355263157899E-002  0.82815559210526313       0.69594056269736837        111119.43355128507     
       40001   2.1699999999999968        380000.00000000000       -1.5864784473684210        2.5310967802631579        2269.2666077826871      -0.13368042105263156       0.81982892105263161       0.68341812171052629        106487.62667803479     
       40001   2.1799999999999966        380000.00000000000       -1.5734727368421053        2.4908250499999998        2401.3754263383453       -7.0866973684210521E-002  0.80929544736842107       0.66840354263157897        106141.02634758726     
       40001   2.1899999999999964        380000.00000000000       -1.5606471052631579        2.4512199305263160        2496.0869376066257        3.6922815789473686E-002  0.79947497368421050       0.65424600052631576        104461.23299207877     
       40001   2.1999999999999962        380000.00000000000       -1.5473557631578947        2.4106758386842104        2618.5569450015901       -2.7208144736842105E-002  0.78822814473684200       0.63873733256578946        102079.52790812295     
       40001   2.2099999999999960        380000.00000000000       -1.5348848421052630        2.3725610084210524        2670.3247834486538        4.0973421052631579E-003  0.77948205263157888       0.62574242065789476        100116.10119129076     
       40001   2.2199999999999958        380000.00000000000       -1.5213061315789473        2.3317355002631577        2778.1046853529988       -4.9213947368421055E-003  0.76789078947368428       0.61004835013157899        97603.860800867711     
       40001   2.2299999999999955        380000.00000000000       -1.5061323157894737        2.2867595431578946        2931.9984788051224       -3.4096407894736842E-002  0.75378135526315793       0.59155560546052632        94462.886468672325     
       40001   2.2399999999999953        380000.00000000000       -1.4911831842105263        2.2426584402631580        3044.9842225461616        4.5425526315789472E-003  0.73872255263157893       0.57252529263157892        91600.745255546921     
       40001   2.2499999999999951        380000.00000000000       -1.4758588684210525        2.1976562586842103        3119.4974699425511       -8.0853828947368422E-002  0.72560827631578950       0.55472785559210525        87710.482229864792     
       40001   2.2599999999999949        380000.00000000000       -1.4611127105263157        2.1550306402631580        3228.8459842561278       -9.6631315789473676E-003  0.71015244736842109       0.53606124552631584        85754.859106304604     
       40001   2.2699999999999947        380000.00000000000       -1.4438741842105265        2.1056563102631580        3341.3840693671373       -4.2817407894736842E-002  0.69165877631578954       0.51364655559210526        81890.116027724958     
       40001   2.2799999999999945        380000.00000000000       -1.4278771578947369        2.0600202473684210        3389.9310929391650       -3.5710263157894741E-003  0.67607518421052637       0.49432445447368417        79089.872359157773     
       40001   2.2899999999999943        380000.00000000000       -1.4102740000000000        2.0106933726315792        3491.2988088926650        2.8054513157894739E-002  0.65519088157894745       0.47055698111842104        75163.188065583119     
       40001   2.2999999999999940        380000.00000000000       -1.3951050263157896        1.9684117434210526        3534.9934351156116       -9.3515263157894733E-003  0.64009660526315781       0.45309236355263155        72480.786001311470     
       40001   2.3099999999999938        380000.00000000000       -1.3775758684210526        1.9199051576315789        3550.3815000898321       -1.5680210526315790E-002  0.62015763157894743       0.43009615815789476        68776.046264919220     
       40001   2.3199999999999936        380000.00000000000       -1.3614140263157894        1.8758290828947368        3580.9490952587803        2.2159184210526317E-002  0.60178357894736845       0.40990511960526321        65506.254425661944     
       40001   2.3299999999999934        380000.00000000000       -1.3448175526315791        1.8308390150000000        3568.7624214416137       -6.0701842105263162E-003  0.58282065789473680       0.38895454473684210        62226.831616078787     
       40001   2.3399999999999932        380000.00000000000       -1.3285245526315790        1.7873375971052632        3577.6176256521139        2.9513092105263157E-002  0.56292435526315787       0.36815503743421052        58765.442372575490     
       40001   2.3499999999999930        380000.00000000000       -1.3133394210526317        1.7469026252631579        3526.7504595674109       -1.6834657894736843E-002  0.54566226315789468       0.34963761907894736        55896.674139602328     
       40001   2.3599999999999928        380000.00000000000       -1.2963595263157897        1.7024180684210526        3499.2075122166425       -2.2975526315789476E-003  0.52459684210526314       0.32817287052631577        52506.814684515346     
       40001   2.3699999999999926        380000.00000000000       -1.2803465526315789        1.6607798139473686        3438.8030578879407        2.7372131578947370E-002  0.50524573684210528       0.30890737671052632        49305.302899736176     
       40001   2.3799999999999923        380000.00000000000       -1.2663142894736843        1.6247704760526316        3394.9754123823950        3.5457499999999999E-003  0.48920225000000001       0.29298778519736846        46876.034056688950     
       40001   2.3899999999999921        380000.00000000000       -1.2519691052631579        1.5881992015789475        3323.6097672824399       -7.2122236842105262E-003  0.47223906578947372       0.27654916703947369        44239.544139040416     
       40001   2.3999999999999919        380000.00000000000       -1.2367562105263159        1.5498667478947370        3248.1317790918401       -2.9441842105263154E-003  0.45398371052631581       0.25891860131578948        41425.589295219834     
       40001   2.4099999999999917        380000.00000000000       -1.2218606315789473        1.5126438763157894        3152.0757301256526        5.0769736842105262E-003  0.43534502631578947       0.24184335197368423        38690.812209903052     
       40001   2.4199999999999915        380000.00000000000       -1.2095993684210526        1.4824133415789473        3085.2335190940648       -1.0813236842105263E-002  0.42028905263157895       0.22817839421052633        36489.834899123656     
       40001   2.4299999999999913        380000.00000000000       -1.1963933421052630        1.4501621323684211        3008.8165335391823        7.4922894736842108E-003  0.40641976315789469       0.21540192118421050        34455.325885224483     
       40001   2.4399999999999911        380000.00000000000       -1.1842869210526314        1.4207365576315789        2912.1674008411355        4.7642105263157901E-003  0.39266171052631577       0.20330228684210527        32524.734262426591     
       40001   2.4499999999999909        380000.00000000000       -1.1719801052631578        1.3912519789473685        2834.3378903561388        2.0480526315789474E-003  0.37763663157894739       0.19027234776315791        30442.904518972191     
       40001   2.4599999999999906        380000.00000000000       -1.1604025000000000        1.3637862760526316        2760.3702474210586       -1.3556184210526314E-003  0.36568117105263154       0.17986818309210525        28778.615262528281     
       40001   2.4699999999999904        380000.00000000000       -1.1498519736842105        1.3389910134210525        2693.0323256925039       -6.3139342105263162E-003  0.35443198684210531       0.17056526046052631        27284.063151249833     
       40001   2.4799999999999902        380000.00000000000       -1.1381303684210526        1.3116773821052632        2613.8634532835567        6.6766578947368418E-003  0.34113926315789472       0.15972340828947368        25548.612884612852     
       40001   2.4899999999999900        380000.00000000000       -1.1288927894736842        1.2904974178947368        2575.7580430497474       -4.4861842105263158E-004  0.33280601315789476       0.15323913782894738        24518.229851273547     
       40001   2.4999999999999898        380000.00000000000       -1.1182608421052631        1.2660669689473683        2489.5452738233435        2.8074736842105263E-003  0.32105971052631582       0.14385487828947369        23015.519420957786     
       40001   2.5099999999999896        380000.00000000000       -1.1079912368421052        1.2427476128947368        2416.4851161341649        2.2447105263157896E-003  0.31049452631578950       0.13553824315789473        21685.312709207643     
       40001   2.5199999999999894        380000.00000000000       -1.0983840263157894        1.2211944597368420        2359.5184753851790        2.2428289473684208E-003  0.29997032894736841       0.12771343361842105        20433.344533877422     
       40001   2.5299999999999891        380000.00000000000       -1.0898193157894738        1.2022707342105263        2330.3349028303637        2.6849210526315791E-003  0.29415978947368421       0.12303955473684211        19685.175349725319     
       40001   2.5399999999999889        380000.00000000000       -1.0807157894736843        1.1820151152631579        2250.9596232686890        1.5239473684210525E-003  0.28439631578947366       0.11580739328947368        18528.811339822714     
       40001   2.5499999999999887        380000.00000000000       -1.0717360526315789        1.1623711310526317        2200.4743267700833        6.2159210526315791E-004  0.27542735526315787       0.10941625322368420        17506.538695510219     
       40001   2.5599999999999885        380000.00000000000       -1.0641242631578947        1.1460145794736842        2184.6611251762661       -1.8592105263157895E-005  0.27096022368421052       0.10608273730263158        16973.237913114433     
       40001   2.5699999999999883        380000.00000000000       -1.0553186842105264        1.1269952357894737        2127.6336873019463       -3.7888157894736836E-004  0.26317672368421052       0.10069697546052631        16111.493105484071     
       40001   2.5799999999999881        380000.00000000000       -1.0475582368421053        1.1104538144736842        2092.0887836710317        1.5362500000000001E-003  0.25596064473684210        9.5837035065789472E-002   15333.548000276316     
       40001   2.5899999999999879        380000.00000000000       -1.0401052894736842        1.0947294244736843        2065.6658052076236        1.3494210526315790E-003  0.25118207894736844        9.2412126710526316E-002   14785.648923735846     
       40001   2.5999999999999877        380000.00000000000       -1.0322150000000001        1.0781313115789473        2026.1608566315554        2.4748947368421052E-003  0.24427336842105263        8.7768834342105265E-002   14042.033478103491     
       40001   2.6099999999999874        380000.00000000000       -1.0246484736842105        1.0622901178947368        1981.6997234167357        2.9495526315789474E-003  0.23877428947368423        8.4210701184210535E-002   13472.320211757453     
       40001   2.6199999999999872        380000.00000000000       -1.0171739473684211        1.0468898368421053        1959.5196219279605       -2.3208421052631576E-003  0.23311063157894737        8.0449180921052632E-002   12871.007138076011     
       40001   2.6299999999999870        380000.00000000000       -1.0108291315789473        1.0339279186842105        1944.3816696898430        2.6408684210526318E-003  0.22922005263157896        7.7988205789473686E-002   12476.997056553018     
       40001   2.6399999999999868        380000.00000000000       -1.0028472894736842        1.0175789950000000        1900.2094392455474       -1.4493684210526317E-003  0.22214668421052633        7.3701819342105263E-002   11791.954987725650     
       40001   2.6499999999999866        380000.00000000000      -0.99698294736842097        1.0057937289473684        1890.9970566311385        1.8049078947368423E-003  0.21913811842105266        7.1970980328947373E-002   11514.835621830221     
       40001   2.6599999999999864        380000.00000000000      -0.98985442105263166       0.99138687368421052        1852.0158090832119       -1.8690526315789475E-003  0.21393402631578948        6.8646173552631584E-002   10982.828831182715     
       40001   2.6699999999999862        380000.00000000000      -0.98350492105263154       0.97878976605263157        1841.2538108621666       -3.5592105263157898E-004  0.21058505263157895        6.6661135526315793E-002   10665.761415443212     
       40001   2.6799999999999859        380000.00000000000      -0.97732410526315794       0.96648225157894740        1811.1751760824409        2.9944999999999998E-003  0.20721805263157894        6.4507422236842110E-002   10319.752833054736     
       40001   2.6899999999999857        380000.00000000000      -0.97121297368421056       0.95451823499999988        1802.1751595956739       -7.0109210526315784E-004  0.20327601315789473        6.2270804802631571E-002   9963.2501235986419     
       40001   2.6999999999999855        380000.00000000000      -0.96514807894736843       0.94266522447368428        1784.7056284621358       -1.4233947368421053E-003  0.20034944736842106        6.0573889868421056E-002   9691.4982105350700     
       40001   2.7099999999999853        380000.00000000000      -0.95878026315789466       0.93024737947368408        1758.0458324099600       -1.7892105263157894E-004  0.19634710526315791        5.8246477500000005E-002   9319.4312779611082     
       40001   2.7199999999999851        380000.00000000000      -0.95271260526315782       0.91854157342105258        1740.8424309982511       -3.4319736842105262E-004  0.19288201315789474        5.6326734671052633E-002   9012.2587018590311     
       40001   2.7299999999999849        380000.00000000000      -0.94706607894736849       0.90771683184210528        1725.2278318979370        3.4096052631578952E-004  0.19000935526315790        5.4748573092105270E-002   8759.7530940839624     
       40001   2.7399999999999847        380000.00000000000      -0.94094476315789477       0.89601533500000008        1702.1260297173285        4.3124999999999999E-004  0.18678248684210527        5.2916642960526318E-002   8466.6331174342104     
       40001   2.7499999999999845        380000.00000000000      -0.93590681578947366       0.88648785499999994        1690.6059454093047        4.1607894736842108E-004  0.18407510526315790        5.1501760921052631E-002   8240.2540478979499     
       40001   2.7599999999999842        380000.00000000000      -0.93009542105263154       0.87554615947368419        1674.9867536979727       -1.1121052631578948E-004  0.18146423684210525        5.0128345131578947E-002   8020.5332422076453     
       40001   2.7699999999999840        380000.00000000000      -0.92427165789473686       0.86464993815789470        1659.4944912654755       -6.5739473684210529E-004  0.17782168421052633        4.8315850394736848E-002   7730.4669163034905     
       40001   2.7799999999999838        380000.00000000000      -0.91923042105263164       0.85530175263157893        1650.7497028768703        5.0163157894736845E-004  0.17560363157894737        4.7090218026315793E-002   7534.3946227319666     
       40001   2.7899999999999836        380000.00000000000      -0.91385663157894736       0.84540798578947363        1643.8468333845667        1.2406447368421053E-003  0.17360080263157893        4.6045044539473681E-002   7366.9608544177008     
       40001   2.7999999999999834        380000.00000000000      -0.90841923684210524       0.83543332973684215        1633.2511795278697       -9.8190789473684209E-004  0.17089193421052631        4.4679582302631582E-002   7148.5789055228533     
       40001   2.8099999999999832        380000.00000000000      -0.90333305263157893       0.82610883684210534        1615.7172584669315       -1.7040789473684208E-003  0.16855781578947368        4.3480114605263159E-002   6956.3537152326871     
       40001   2.8199999999999830        380000.00000000000      -0.89823565789473692       0.81686866026315796        1606.6181039307412       -7.9842105263157890E-004  0.16658300000000001        4.2530587368421052E-002   6804.7919827590031     
       40001   2.8299999999999828        380000.00000000000      -0.89329076315789480       0.80792948184210522        1593.7750878225925        1.9693684210526315E-003  0.16416110526315791        4.1365570657894736E-002   6617.8707593467043     
       40001   2.8399999999999825        380000.00000000000      -0.88836718421052641       0.79913747499999999        1590.5953628577117       -2.3972368421052630E-004  0.16259603947368423        4.0580923355263157E-002   6492.9385420509416     
       40001   2.8499999999999823        380000.00000000000      -0.88344855263157895       0.79027496605263159        1566.9793449279823       -6.9989473684210529E-004  0.15959805263157895        3.9164463552631576E-002   6266.2357919982269     
       40001   2.8599999999999821        380000.00000000000      -0.87826423684210519       0.78111070236842106        1562.0212244120776        5.2274999999999999E-004  0.15823864473684210        3.8499978486842105E-002   6159.9528350847368     
       40001   2.8699999999999819        380000.00000000000      -0.87417921052631586       0.77388594684210532        1551.4647561107995        1.3921842105263157E-003  0.15693560526315789        3.7871513157894734E-002   6059.1319969629913     
       40001   2.8799999999999817        380000.00000000000      -0.86931960526315788       0.76539357289473686        1548.3194879750663       -2.1514210526315789E-003  0.15478097368421051        3.6898606315789478E-002   5903.0364325190030     
       40001   2.8899999999999815        380000.00000000000      -0.86460013157894733       0.75715184236842104        1538.9527747340762       -1.0031842105263158E-003  0.15313026315789474        3.6104543421052633E-002   5776.5659267987812     
       40001   2.8999999999999813        380000.00000000000      -0.86000552631578941       0.74913577894736849        1524.2037845872837       -9.9434210526315792E-005  0.15128443421052631        3.5252862434210525E-002   5640.4564075277285     
       40001   2.9099999999999810        380000.00000000000      -0.85523305263157889       0.74091619421052624        1518.8191835195466       -6.6965789473684217E-004  0.14912278947368421        3.4308421447368419E-002   5489.2756809075900     
       40001   2.9199999999999808        380000.00000000000      -0.85096502631578941       0.73359514815789473        1512.5875432419998        5.9568421052631575E-004  0.14819355263157896        3.3856797236842109E-002   5417.0307835461499     
       40001   2.9299999999999806        380000.00000000000      -0.84665276315789473       0.72619497026315794        1499.8510240415635       -8.3828947368421055E-004  0.14638013157894736        3.3076003157894732E-002   5292.0480685844868     
       40001   2.9399999999999804        380000.00000000000      -0.84231094736842105       0.71879856684210530        1489.7335656669165       -8.9736842105263162E-005  0.14456973684210525        3.2365483421052631E-002   5178.4760589362877     
       40001   2.9499999999999802        380000.00000000000      -0.83779439473684203       0.71119005289473680        1486.4968067624432       -5.1157894736842110E-005  0.14346405263157894        3.1791765657894731E-002   5086.6820865223262     
       40001   2.9599999999999800        380000.00000000000      -0.83379297368421046       0.70445417500000007        1478.9523255746462        1.0152368421052632E-003  0.14212789473684212        3.1238521710526317E-002   4997.9985607489198     
       40001   2.9699999999999798        380000.00000000000      -0.82968455263157892       0.69754951868421045        1467.6898893995531        1.9760526315789476E-004  0.14054755263157895        3.0544743157894738E-002   4887.1526576087535     
       40001   2.9799999999999796        380000.00000000000      -0.82536336842105262       0.69033075315789472        1456.9701162477722       -9.2119736842105268E-004  0.13950161842105263        3.0069618618421053E-002   4811.0032022127152     
       40001   2.9899999999999793        380000.00000000000      -0.82129942105263154       0.68365247263157902        1459.1573776306032       -9.7657894736842121E-004  0.13799055263157894        2.9431025921052633E-002   4708.8115543379508     
       40001   2.9999999999999791        380000.00000000000      -0.81715913157894737       0.67679777973684208        1447.7973462372465       -2.3410526315789475E-004  0.13661881578947369        2.8894521842105263E-002   4623.1147258929641     
       40001   3.0099999999999789        380000.00000000000      -0.81315444736842113       0.67021016236842101        1438.4011349405919       -2.8547368421052630E-004  0.13559168421052634        2.8465222105263161E-002   4554.4224976062051     
       40001   3.0199999999999787        380000.00000000000      -0.80913836842105269       0.66367447263157897        1435.1317408793111       -2.9642105263157895E-004  0.13415652631578948        2.7867554868421053E-002   4458.7947204768971     
       40001   3.0299999999999785        380000.00000000000      -0.80517334210526315       0.65721512026315787        1425.7615081918048       -1.4106578947368421E-004  0.13310285526315790        2.7460047960526316E-002   4393.6044897550973     
       40001   3.0399999999999783        380000.00000000000      -0.80193871052631582       0.65202455447368424        1427.0174452918582       -7.8988157894736843E-004  0.13256588157894736        2.7239065592105264E-002   4358.1506686714411     
       40001   3.0499999999999781        380000.00000000000      -0.79755784210526315       0.64496834631578948        1419.1735699497076       -3.0230263157894735E-004  0.13100696052631577        2.6580123355263156E-002   4252.8051149411358     
       40001   3.0599999999999778        380000.00000000000      -0.79391265789473675       0.63910303499999999        1408.9162615223468        3.1417105263157892E-004  0.12982419736842105        2.6136105986842108E-002   4181.7611653426875     
       40001   3.0699999999999776        380000.00000000000      -0.79053168421052633       0.63372959894736847        1406.2808330619300        8.0273684210526320E-004  0.12891455263157894        2.5783808421052629E-002   4125.3062455383933     
       40001   3.0799999999999774        380000.00000000000      -0.78659502631578948       0.62748330763157889        1400.2515530946257       -5.1280263157894737E-004  0.12777119736842105        2.5332578881578947E-002   4053.1705464063989     
       40001   3.0899999999999772        380000.00000000000      -0.78293694736842101       0.62167358210526313        1389.3309681090468        3.3568421052631583E-004  0.12670810526315790        2.4889310131578947E-002   3982.2715916303600     
       40001   3.0999999999999770        380000.00000000000      -0.77931360526315785       0.61600001921052638        1387.2518179624603       -8.1678947368421062E-004  0.12569781578947370        2.4560571447368420E-002   3929.5846883718559     
       40001   3.1099999999999768        380000.00000000000      -0.77582878947368428       0.61049900105263155        1374.1904762286867       -2.7940789473684209E-004  0.12444203947368422        2.4064005197368423E-002   3850.2283405754852     
       40001   3.1199999999999766        380000.00000000000      -0.77193742105263152       0.60447062315789468        1373.3185818411148       -3.3036842105263155E-004  0.12398513157894736        2.3853527105263159E-002   3816.5468739151247     
       40001   3.1299999999999764        380000.00000000000      -0.76894636842105257       0.59980091210526321        1363.5831355740811       -3.7935526315789473E-004  0.12280969736842104        2.3414683355263158E-002   3746.3263111755959     
       40001   3.1399999999999761        380000.00000000000      -0.76521981578947362       0.59409084605263163        1364.7167321209126       -8.6894736842105260E-005  0.12199950000000000        2.3147282368421052E-002   3703.5639708361223     
       40001   3.1499999999999759        380000.00000000000      -0.76179110526315796       0.58881399631578957        1358.1293212361197        5.7886842105263163E-004  0.12095436842105263        2.2770127763157896E-002   3643.1668279214405     
       40001   3.1599999999999757        380000.00000000000      -0.75843855263157889       0.58366472236842104        1349.7094800858758       -1.2373684210526318E-004  0.12038678947368421        2.2510488157894734E-002   3601.6756555341826     
       40001   3.1699999999999755        380000.00000000000      -0.75503500000000001       0.57848808473684210        1345.6373618947400       -6.6163157894736843E-004  0.11947084210526317        2.2183898947368424E-002   3549.3537905635458     
       40001   3.1799999999999753        380000.00000000000      -0.75169900000000001       0.57342005842105259        1338.9874912084197        1.8631578947368423E-004  0.11853899999999999        2.1846475789473685E-002   3495.4305721440442     
       40001   3.1899999999999751        380000.00000000000      -0.74835823684210523       0.56838034394736847        1334.4469276710297        5.3613157894736837E-004  0.11806531578947368        2.1666710526315792E-002   3466.6276942793352     
       40001   3.1999999999999749        380000.00000000000      -0.74510313157894748       0.56350129657894743        1331.6191824309062       -4.5031578947368425E-004  0.11705060526315789        2.1300210394736844E-002   3408.0012176682549     
       40001   3.2099999999999747        380000.00000000000      -0.74184639473684211       0.55860225131578944        1322.5884690782113       -5.2236842105263159E-005  0.11595223684210527        2.0924184868421052E-002   3347.8691423573409     
       40001   3.2199999999999744        380000.00000000000      -0.73885863157894738       0.55416274105263152        1320.1061750267108        8.2501315789473687E-004  0.11551364473684211        2.0748498750000000E-002   3319.6508965262879     
       40001   3.2299999999999742        380000.00000000000      -0.73547476315789462       0.54917405078947368        1320.1477675699862        2.2459210526315791E-004  0.11459872368421052        2.0444799276315789E-002   3271.1598135523268     
       40001   3.2399999999999740        380000.00000000000      -0.73238352631578951       0.54456035526315794        1307.9561031051562       -4.6718421052631577E-004  0.11406026315789473        2.0232683157894737E-002   3237.1943834893077     
       40001   3.2499999999999738        380000.00000000000      -0.72916278947368429       0.53984703473684215        1306.9857894076413        4.3802631578947372E-004  0.11304097368421052        1.9908703552631579E-002   3185.3618696925209     
       40001   3.2599999999999736        380000.00000000000      -0.72603128947368423       0.53525150815789480        1300.8119780918641        1.1619736842105263E-004  0.11245456578947369        1.9694819802631578E-002   3151.1690081285042     
       40001   3.2699999999999734        380000.00000000000      -0.72322742105263160       0.53115470947368426        1295.4891057990026       -2.9752631578947367E-004  0.11180176315789474        1.9463312105263156E-002   3114.1157733367313     
       40001   3.2799999999999732        380000.00000000000      -0.71999144736842113       0.52645132868421052        1290.1831040858524       -5.2853947368421052E-004  0.11111348684210526        1.9219722697368422E-002   3075.1109349429089     
       40001   3.2899999999999729        380000.00000000000      -0.71718086842105266       0.52243366131578950        1293.6421258582850       -1.6507894736842108E-004  0.11058999999999999        1.9033466710526314E-002   3045.3503135147921     
       40001   3.2999999999999727        380000.00000000000      -0.71398689473684218       0.51778641421052629        1281.4605367308541        1.4543421052631579E-004  0.10966653947368421        1.8774356381578948E-002   3003.8936368750969     
       40001   3.3099999999999725        380000.00000000000      -0.71139805263157896       0.51408933263157897        1280.3429349721846        1.9771052631578946E-004  0.10911878947368421        1.8554348421052632E-002   2968.6894930560666     
       40001   3.3199999999999723        380000.00000000000      -0.70821865789473692       0.50958316763157896        1281.5200386170472       -4.4209210526315789E-004  0.10854030263157895        1.8347066907894737E-002   2935.4994339944319     
       40001   3.3299999999999721        380000.00000000000      -0.70548568421052638       0.50567776315789470        1274.8340051040286       -3.9656578947368416E-004  0.10790327631578947        1.8152775460526318E-002   2904.4189113761499     
       40001   3.3399999999999719        380000.00000000000      -0.70271097368421054       0.50171352131578950        1265.7294047325267       -3.3397368421052634E-004  0.10740644736842105        1.7978221052631579E-002   2876.4975222735734     
       40001   3.3499999999999717        380000.00000000000      -0.69965484210526308       0.49741403578947363        1263.5420333012735       -2.3064473684210527E-004  0.10684667105263157        1.7796547697368423E-002   2847.4391200598061     
       40001   3.3599999999999715        380000.00000000000      -0.69677344736842106       0.49336822289473686        1259.9977499300876        5.3006578947368415E-004  0.10628746052631578        1.7616362302631576E-002   2818.5730132624653     
       40001   3.3699999999999712        380000.00000000000      -0.69382057894736848       0.48923750631578949        1256.0816871884745       -2.1315789473684210E-004  0.10572386842105264        1.7394307763157896E-002   2783.0819722991691     
       40001   3.3799999999999710        380000.00000000000      -0.69134600000000002       0.48582411631578942        1258.3719359662937       -5.0209210526315788E-004  0.10523272368421052        1.7253419671052633E-002   2760.5068119312741     
       40001   3.3899999999999708        380000.00000000000      -0.68872157894736841       0.48215285842105260        1250.4712181274081        3.7786842105263163E-004  0.10485284210526316        1.7126092105263158E-002   2740.1518913151244     
       40001   3.3999999999999706        380000.00000000000      -0.68595084210526314       0.47829524842105264        1242.6705017812928        4.9817105263157894E-004  0.10403298684210525        1.6897247434210526E-002   2703.5198815700555     
       40001   3.4099999999999704        380000.00000000000      -0.68349957894736846       0.47495888578947371        1245.9538189189916        9.1592105263157891E-005  0.10346756578947369        1.6709215592105264E-002   2673.4731524786425     
       40001   3.4199999999999702        380000.00000000000      -0.68076502631578950       0.47122958868421055        1246.1708207156917       -7.4736842105263152E-006  0.10273192105263158        1.6489382368421054E-002   2638.3011700104157     
       40001   3.4299999999999700        380000.00000000000      -0.67826652631578954       0.46774546105263159        1231.9968531430495       -7.4776315789473689E-005  0.10239317105263158        1.6366447434210524E-002   2618.6306948340994     
       40001   3.4399999999999697        380000.00000000000      -0.67543205263157902       0.46395276263157892        1239.0887855153269        1.0092105263157895E-004  0.10227152631578948        1.6304388552631579E-002   2608.7005388116345     
       40001   3.4499999999999695        380000.00000000000      -0.67257089473684206       0.46002530315789475        1227.7911537245527        1.4697368421052633E-005  0.10136801315789473        1.6016281118421054E-002   2562.6049443853467     
       40001   3.4599999999999693        380000.00000000000      -0.67009365789473696       0.45671041657894740        1229.5849965117959       -1.5447368421052631E-004  0.10077247368421054        1.5852847894736843E-002   2536.4518452188368     
       40001   3.4699999999999691        380000.00000000000      -0.66750492105263159       0.45322404710526315        1225.7963961253117        4.3139473684210527E-004  0.10023586842105264        1.5692998684210525E-002   2510.8500132466479     
       40001   3.4799999999999689        380000.00000000000      -0.66546231578947368       0.45045554736842103        1218.4725812050892        1.0650000000000000E-004  0.10005221052631580        1.5635014210526314E-002   2501.6004589242107     
       40001   3.4899999999999687        380000.00000000000      -0.66266160526315787       0.44674412078947373        1219.7948319245479       -1.7917105263157894E-004   9.9139171052631578E-002   1.5356295197368423E-002   2457.0020952163713     
