       40001   1.5000000000000000        380000.00000000000       -1.9582545986842106        3.8381472336184213        8668.5704974401742        6.3828901315789471E-002  0.90855634210526315       0.88003064026315792        2242448.6697471412     
       40001   1.5100000000000000        380000.00000000000       -1.9491482565789473        3.8033734070723688        10737.871225902811       -5.0186282894736839E-002  0.87124675657894746       0.83698553965460520        2136235.2042593658     
       40001   1.5200000000000000        380000.00000000000       -1.9451381776315790        3.7881628102960523        11776.717353349552        7.8685572368421053E-002  0.86328525000000000       0.82592145675986850        2098508.8958999617     
       40001   1.5300000000000000        380000.00000000000       -1.9461832960526317        3.7921324798848683        11527.828609492630       -3.0508750000000001E-002  0.87874962499999998       0.84416508625000009        2158679.8142039999     
       40001   1.5400000000000000        380000.00000000000       -1.9440544342105264        3.7838680729440792        11572.300212401897        2.9269421052631577E-002  0.87798690789473677       0.84290866739309200        2155653.0390638998     
       40001   1.5500000000000000        380000.00000000000       -1.9409088355263158        3.7717529622368420        11842.187296571210      -0.10014883223684209       0.87238223355263156       0.83652004048108553        2115815.0448196670     
       40001   1.5600000000000001        380000.00000000000       -1.9477559342105264        3.7974101593914469        9361.8691561650485      -0.10288107894736843       0.91746582894736850       0.88844315277960517        2247318.1091180304     
       40001   1.5700000000000001        380000.00000000000       -1.9391170000000000        3.7640459389144736        9910.2700172122568      -0.11043506250000000       0.88807764144736834       0.85271444400082241        2151727.4648868954     
       40001   1.5800000000000001        380000.00000000000       -1.9438220460526316        3.7816819714473686        8288.8313014525920        3.7292730263157898E-003  0.92007454934210531       0.89102889258634876        2280998.3618791527     
       40001   1.5900000000000001        380000.00000000000       -1.9326081578947369        3.7393315893585526        11154.681336995214       -2.5309523026315790E-002  0.87436569407894738       0.83899052131167751        2146175.8703509965     
       40001   1.6000000000000001        380000.00000000000       -1.9371016052631580        3.7559918686842102        9290.8533020317554        7.9455092105263164E-002  0.91349757236842111       0.88072289263980252        2238489.0393045675     
       40001   1.6100000000000001        380000.00000000000       -1.9361484605263157        3.7522350021052633        9124.2007215116173       -2.4447878289473684E-002  0.92032966118421056       0.88890175945312500        2274058.3953926861     
       40001   1.6200000000000001        380000.00000000000       -1.9281952697368423        3.7218150592269739        9927.8361380863935       -9.5069111842105251E-003  0.89274705592105263       0.85733461688733548        2194545.2429493018     
       40001   1.6300000000000001        380000.00000000000       -1.9297029276315789        3.7270837123519733        8525.6280117426068        8.3749815789473686E-002  0.91412984868421043       0.88051290643914470        2236157.1194735975     
       40001   1.6400000000000001        380000.00000000000       -1.9268461184210526        3.7164561566776313        9523.6930645871907        2.8765657894736841E-003  0.91336303947368425       0.87908673351973687        2250440.8547558291     
       40001   1.6500000000000001        380000.00000000000       -1.9231637039473686        3.7024989192598681        10087.134923024103       -4.0430164473684214E-002  0.90994273026315797       0.87405815162828948        2233404.2967780358     
       40001   1.6600000000000001        380000.00000000000       -1.9194348355263160        3.6882569728289476        10308.825592352077       -1.0614332236842106E-002  0.90343837171052632       0.86733479406661196        2220088.6528455112     
       40001   1.6700000000000002        380000.00000000000       -1.9189071513157896        3.6856067346710528        8709.3230084460229       -3.5295881578947370E-002  0.91784377631578951       0.88173282233552641        2254046.7790824738     
       40001   1.6800000000000002        380000.00000000000       -1.9156772960526316        3.6731447317434212        8512.5865776613355       -4.0922815789473682E-002  0.91463675657894739       0.87853064269736847        2244751.2725637867     
       40001   1.6900000000000002        380000.00000000000       -1.9143315526315789        3.6677386637171052        7867.8280096612871        3.7843687500000001E-002  0.92340032565789476       0.88760292636924354        2268597.2011152534     
       40001   1.7000000000000002        380000.00000000000       -1.9112130394736844        3.6559572544572365        8248.2488396745175       -4.7156249999999998E-004  0.92331428618421052       0.88690605114720400        2270478.9216665924     
       40001   1.7100000000000002        380000.00000000000       -1.9056941776315790        3.6353240069407895        9353.4932016376406        7.5023092105263155E-003  0.91373209210526307       0.87459934934210526        2238830.2456284543     
       40001   1.7200000000000002        380000.00000000000       -1.9021582763157894        3.6217864529769739        9165.6827400159091        3.4747921052631581E-002  0.91087891447368419       0.87160481287828950        2228217.3308436726     
       40001   1.7300000000000002        380000.00000000000       -1.8975780657894736        3.6045696257236841        9643.8014934118837        1.0398529605263157E-002  0.90625960197368416       0.86485513771792755        2213752.3412479386     
       40001   1.7400000000000002        380000.00000000000       -1.8966967565789474        3.6007728004769737        8484.3879932779819        1.8567305921052633E-002  0.91827838486842106       0.87789242568667758        2246522.0629440299     
       40001   1.7500000000000002        380000.00000000000       -1.8976049210526316        3.6035788744243420        6846.5613342169672        6.5204953947368416E-002  0.93956818421052635       0.90054276669407896        2294505.1665274897     
       40001   1.7600000000000002        380000.00000000000       -1.8902562039473685        3.5763241002796051        8334.2943183090538        1.6822046052631580E-002  0.92284194078947368       0.88059662013980267        2253602.9156003990     
       40001   1.7700000000000002        380000.00000000000       -1.8853345657894738        3.5578349916118421        8572.3306272216141       -5.2968480263157897E-002  0.91699795394736838       0.87314919118421053        2228079.4400840243     
       40001   1.7800000000000002        380000.00000000000       -1.8833966315789474        3.5503079160197371        8000.1130926385522       -7.1174648026315790E-002  0.92580268092105256       0.88213769701069089        2245303.9782118937     
       40001   1.7900000000000003        380000.00000000000       -1.8760690000000000        3.5232331929440792        9211.6484686825424       -2.8488947368421054E-003  0.90976390131578955       0.86332554020559216        2210092.6054511885     
       40001   1.8000000000000003        380000.00000000000       -1.8753227434210527        3.5200136037335525        8136.2220577001572       -9.1755592105263154E-004  0.92483638486842112       0.87894145599917761        2250087.9720711918     
       40001   1.8100000000000003        380000.00000000000       -1.8732825657894736        3.5119957674013160        7188.9820429366082       -8.0790657894736842E-002  0.93462368421052633       0.88861338625822373        2258140.8149892078     
       40001   1.8200000000000003        380000.00000000000       -1.8669911710526315        3.4887920013157898        8028.0794299226254        3.0463197368421051E-002  0.92539517763157886       0.87703341277138147        2242829.8403263339     
       40001   1.8300000000000003        380000.00000000000       -1.8638323355263156        3.4767946376315790        7484.5764559321105        6.4313700657894740E-002  0.93029799671052626       0.88154474780838810        2246165.7490331517     
       40001   1.8400000000000003        380000.00000000000       -1.8593986513157896        3.4602471978618423        7382.6645679753274        5.7308999999999999E-002  0.93002744736842102       0.87998863006578942        2244363.0299770609     
       40001   1.8500000000000003        380000.00000000000       -1.8548360526315790        3.4433395106414473        7482.1849588472396        7.4970624999999999E-002  0.93018278947368416       0.87839669877467108        2234306.8266541581     
       40001   1.8600000000000003        380000.00000000000       -1.8492744736842104        3.4228861085690792        7859.2756456080824        7.0481874999999999E-002  0.92610452631578954       0.87249695094572366        2220874.8959800526     
       40001   1.8700000000000003        380000.00000000000       -1.8442869736842105        3.4043952473355259        7682.0634477119893       -4.2749013157894738E-003  0.92509561184210520       0.87008213381578958        2227363.4791283961     
       40001   1.8800000000000003        380000.00000000000       -1.8371758618421052        3.3784960611184207        8399.1392848361284       -6.0854342105263158E-003  0.91539310526315787       0.85754471328125004        2195219.6627756017     
       40001   1.8900000000000003        380000.00000000000       -1.8337462500000001        3.3656343762828946        7703.2112482097000       -3.1715838815789474E-002  0.92220297697368425       0.86344878476562503        2207853.7992546200     
       40001   1.9000000000000004        380000.00000000000       -1.8287512039473686        3.3472675144078945        7517.5640804972500        7.2522404605263158E-002  0.92155799013157891       0.86166797711759868        2192405.7035465450     
       40001   1.9100000000000004        380000.00000000000       -1.8236328355263156        3.3286062311019733        7601.9514680914581        3.7500845394736838E-002  0.92191794407894734       0.86013485636101983        2198345.0699665914     
       40001   1.9200000000000004        380000.00000000000       -1.8155329276315788        3.2995958182072367        8796.1776454281062        9.0536381578947361E-002  0.90969956578947375       0.84522948233552631        2142803.5736220609     
       40001   1.9300000000000004        380000.00000000000       -1.8112450000000002        3.2837106915953949        7941.7384202089161       -2.7873717105263156E-003  0.91568968750000002       0.84979024132812497        2175443.1280309050     
       40001   1.9400000000000004        380000.00000000000       -1.8059622171052632        3.2645159925493421        7722.1451202156022       0.10588281249999999       0.91647614802631583       0.84882429897615130        2144289.6102226973     
       40001   1.9500000000000004        380000.00000000000       -1.7999607171052632        3.2428660925657895        7699.2241758638993       -1.9721194078947367E-002  0.91506893750000007       0.84546514965049335        2163395.1338357604     
       40001   1.9600000000000004        380000.00000000000       -1.7939809736842105        3.2214254706743422        7827.8060374893248        4.3443023026315794E-002  0.91381832565789478       0.84194415344161189        2150545.5544113838     
       40001   1.9700000000000004        380000.00000000000       -1.7867887894736842        3.1957553500822367        8041.4000471113250        7.1722963815789478E-002  0.90906354276315793       0.83472802709292759        2123734.6394992806     
       40001   1.9800000000000004        380000.00000000000       -1.7809265986842107        3.1747766414802632        7877.3544431403279        2.7521713815789474E-002  0.90939708223684201       0.83304721986430919        2130661.8243403547     
       40001   1.9900000000000004        380000.00000000000       -1.7735847763157895        3.1488841470065787        8399.8418622715399        3.2026763157894739E-002  0.90428068421052632       0.82534067033717107        2110246.2893537260     
       40001   2.0000000000000004        380000.00000000000       -1.7657766118421052        3.1213540497039474        8670.7373449290171        3.7536694078947372E-002  0.89927188486842102       0.81751307447779609        2089226.4219530742     
       40001   2.0100000000000002        380000.00000000000       -1.7593514013157894        3.0985933193914472        8386.4731638142839        3.7485490131578952E-002  0.90021177960526311       0.81589468270148024        2085093.1730715535     
       40001   2.0200000000000000        380000.00000000000       -1.7521444868421054        3.0733120443914475        8452.4585478724912        4.5386463815789473E-002  0.89788187828947374       0.81081469527549344        2070412.1962951461     
       40001   2.0299999999999998        380000.00000000000       -1.7435071578947370        3.0433107026809210        8943.3422098886222       -3.3609210526315790E-002  0.89054047368421052       0.80042040888157895        2046184.5244144045     
       40001   2.0399999999999996        380000.00000000000       -1.7364701776315790        3.0187774192927632        8828.7782116243616      -0.11537323684210526       0.89001109210526308       0.79716748924342107        2006672.6539878312     
       40001   2.0499999999999994        380000.00000000000       -1.7278669013157895        2.9890937889638156        9138.5863710399717       -8.7081223684210535E-002  0.88551840789473690       0.78934228413651319        2001303.4102225245     
       40001   2.0599999999999992        380000.00000000000       -1.7201127368421052        2.9623720971052632        9175.7303265938535       -9.5215592105263158E-003  0.88323189473684205       0.78410414106907889        2007074.5113069552     
       40001   2.0699999999999990        380000.00000000000       -1.7115948355263157        2.9331766064144738        9266.4970601415262       -5.1894312500000005E-002  0.87941365460526311       0.77676821692845399        1981632.5049820321     
       40001   2.0799999999999987        380000.00000000000       -1.7021916250000002        2.9012494080263158        9710.2843038076535       -5.1646690789473683E-002  0.87335182894736851       0.76714343608552638        1957058.7018650186     
       40001   2.0899999999999985        380000.00000000000       -1.6933297368421052        2.8711722587664474        9745.0523972976953        1.5492187500000001E-002  0.86924938486842107       0.75952247775082238        1943763.1228858551     
       40001   2.0999999999999983        380000.00000000000       -1.6839096118421053        2.8394608158059209        10007.641476329416       -3.3379052631578948E-002  0.86378487500000001       0.75007934821546052        1917350.8788758498     
       40001   2.1099999999999981        380000.00000000000       -1.6743318684210526        2.8074195811348686        10322.881342809647        7.7854555921052629E-002  0.85878799013157892       0.74135506691200659        1882351.9616879164     
       40001   2.1199999999999979        380000.00000000000       -1.6637734934210529        2.7723124262006578        10675.683302819729        4.1389128289473678E-002  0.85173115460526316       0.72998551444490134        1864377.4835311074     
       40001   2.1299999999999977        380000.00000000000       -1.6540122894736842        2.7399878155263160        10831.774198623374        2.5670019736842103E-002  0.84718816447368428       0.72135592714638164        1844984.2617167148     
       40001   2.1399999999999975        380000.00000000000       -1.6424484210526316        2.7020449199671055        11284.746620985679        6.1305799342105269E-002  0.83787593092105273       0.70704215559621708        1800406.4116819010     
       40001   2.1499999999999972        380000.00000000000       -1.6319050723684212        2.6676402632565792        11586.810969081707       0.10045469736842104       0.83167607236842100       0.69654939541940797        1757333.1179418289     
       40001   2.1599999999999970        380000.00000000000       -1.6200780986842105        2.6293807884868419        12103.021185524762        4.0628950657894736E-002  0.82165150986842106       0.68148065182976969        1740364.6469074127     
       40001   2.1699999999999968        380000.00000000000       -1.6086628815789472        2.5926291461513160        12372.171728470363        5.9109618421052633E-002  0.81553840131578947       0.67026473581414470        1706933.2193901115     
       40001   2.1799999999999966        380000.00000000000       -1.5946059013157896        2.5478650257565789        13048.435828319751       -7.0769628289473682E-002  0.80211341118421042       0.65054986229029610        1652586.2963252885     
       40001   2.1899999999999964        380000.00000000000       -1.5822897499999999        2.5088785599342103        13408.529866619036        1.1776388157894738E-002  0.79290576315789485       0.63593265208059213        1627632.5600321195     
       40001   2.1999999999999962        380000.00000000000       -1.5686517631578949        2.4661048400822367        13917.404221093282       -3.5674999999999999E-003  0.78183700657894728       0.61872697987664482        1583908.4872202107     
       40001   2.2099999999999960        380000.00000000000       -1.5534151907894735        2.4188628129111844        14755.988315360621        6.0544664473684208E-002  0.76467916447368423       0.59562931428453947        1515426.9641940696     
       40001   2.2199999999999958        380000.00000000000       -1.5389056973684212        2.3742254535855265        15346.452972901985        4.4571069078947367E-002  0.74981870065789480       0.57483751180509868        1466498.3849120215     
       40001   2.2299999999999955        380000.00000000000       -1.5226736776315790        2.3247651057401315        15948.741601418704        4.0091167763157888E-002  0.73219499671052635       0.55052068794819076        1405218.2687118775     
       40001   2.2399999999999953        380000.00000000000       -1.5058683223684211        2.2742995851644738        17050.062980584800       -4.3954713815789477E-002  0.70934278618421043       0.52218522374588816        1331848.2096109062     
       40001   2.2499999999999951        380000.00000000000       -1.4880848223684211        2.2214061311842106        17944.813109645620        2.5865098684210524E-003  0.68577050986842114       0.49294286206825655        1261916.6004094903     
       40001   2.2599999999999949        380000.00000000000       -1.4702531710526316        2.1686797786842105        18010.602736363187       -5.9300713815789469E-002  0.66161933223684211       0.46339742289062497        1177294.9714728007     
       40001   2.2699999999999947        380000.00000000000       -1.4496981578947368        2.1090819199177635        19090.357540788129        1.9311151315789473E-002  0.62815567105263159       0.42545736550986840        1088216.1790585013     
       40001   2.2799999999999945        380000.00000000000       -1.4310209934210527        2.0554132427796050        19435.927469640970        2.0724371710526313E-002  0.59716556907894736       0.39279153661595395        1004446.8148048843     
       40001   2.2899999999999943        380000.00000000000       -1.4104865263157895        1.9971848405098684        19744.254954203963       -2.8792730263157894E-002  0.56304861842105258       0.35549009867598685        907932.35804154852     
       40001   2.2999999999999940        380000.00000000000       -1.3908856776315790        1.9422418977302629        19658.059493392706        3.3254282894736843E-002  0.52552975657894729       0.31898699425986843        813775.73613830458     
       40001   2.3099999999999938        380000.00000000000       -1.3709596907894737        1.8870308195888159        19200.885297270492        1.9749249999999999E-002  0.48995998026315790       0.28401819106907894        726088.08497540210     
       40001   2.3199999999999936        380000.00000000000       -1.3526814276315791        1.8370836076315791        18781.601208761334       -4.0243838815789468E-002  0.45912547697368422       0.25482424326069081        648203.97234703251     
       40001   2.3299999999999934        380000.00000000000       -1.3350508355263160        1.7896013111348685        18535.878900106996        2.5492967105263154E-002  0.42604582894736842       0.22575491659539476        576268.86457232572     
       40001   2.3399999999999932        380000.00000000000       -1.3169788881578948        1.7412653519078947        17489.817738982849        1.0828980263157895E-003  0.39158162828947368       0.19613621861430919        502105.71762220492     
       40001   2.3499999999999930        380000.00000000000       -1.2995259736842104        1.6952623096217108        16626.056555047631        6.3956085526315791E-003  0.35856663486842100       0.16933544173108553        433394.01708115719     
       40001   2.3599999999999928        380000.00000000000       -1.2855815657894738        1.6590475249506580        16198.560391534120       -5.5688355263157898E-003  0.34134671710526310       0.15507688682565790        396917.43973513920     
       40001   2.3699999999999926        380000.00000000000       -1.2702622828947367        1.6196101563157894        15472.355765352957       -1.3419473684210526E-003  0.31184684210526314       0.13333948424342104        341344.46955694444     
       40001   2.3799999999999923        380000.00000000000       -1.2563304407894735        1.5841489205756580        14803.824950745329       -9.6491282894736845E-003  0.29092509539473688       0.11773697872944078        301168.31501489680     
       40001   2.3899999999999921        380000.00000000000       -1.2434247171052630        1.5517499214638157        14450.929550110828        3.2990263157894740E-003  0.27338371710526316       0.10562114052631580        270362.25779630983     
       40001   2.3999999999999919        380000.00000000000       -1.2309515789473684        1.5207156580263157        14013.102882038802        6.9610526315789470E-004  0.25522435526315790        9.3620373026315790E-002   239666.91446727270     
       40001   2.4099999999999917        380000.00000000000       -1.2192977368421054        1.4919496071052631        13472.348254677374       -1.1892493421052633E-002  0.24178774342105264        8.4674794851973684E-002   216405.41043764199     
       40001   2.4199999999999915        380000.00000000000       -1.2077755855263157        1.4638572834868420        13146.671343122609        2.0599013157894739E-004  0.22745844407894736        7.5901075053453948E-002   194306.64351109028     
       40001   2.4299999999999913        380000.00000000000       -1.1970967039473686        1.4381100064967105        12977.889011345804       -2.5132072368421053E-003  0.21680441776315790        6.9398685744243432E-002   177644.46600608795     
       40001   2.4399999999999911        380000.00000000000       -1.1867679144736842        1.4133390021710526        12597.553527897224       -5.6418388157894739E-003  0.20736208881578946        6.3782435711348687E-002   163201.54973728085     
       40001   2.4499999999999909        380000.00000000000       -1.1765499802631580        1.3890833038322370        12322.426303999033        1.1430032894736842E-003  0.19735914144736844        5.8294279921874997E-002   149230.01207130944     
       40001   2.4599999999999906        380000.00000000000       -1.1664986842105263        1.3654154237171052        12022.383237673435       -6.1058552631578942E-004  0.18737618421052629        5.2626371266447369E-002   134722.55603651181     
       40001   2.4699999999999904        380000.00000000000       -1.1564558486842105        1.3420119912335526        11831.964870745316       -1.1621052631578946E-003  0.17843128289473684        4.8226235953947365E-002   123455.70679118006     
       40001   2.4799999999999902        380000.00000000000       -1.1471127302631579        1.3204305953125000        11681.227214600891       -2.4402302631578945E-004  0.17118579276315787        4.4449997857730260E-002   113791.84207486179     
       40001   2.4899999999999900        380000.00000000000       -1.1382120657894736        1.3000366104934209        11545.353688780218       -1.5634736842105262E-003  0.16495795394736842        4.1430018100328946E-002   106054.58854494139     
       40001   2.4999999999999898        380000.00000000000       -1.1297955197368421        1.2808885089473685        11393.516876613721        4.5589144736842106E-003  0.16059793421052632        3.9385017138157896E-002   100772.43759866759     
       40001   2.5099999999999896        380000.00000000000       -1.1212887302631578        1.2616805608223685        11243.889170440845        2.9234901315789473E-003  0.15498355592105262        3.6703034897203946E-002   93937.889542795543     
       40001   2.5199999999999894        380000.00000000000       -1.1129183947368420        1.2429373479934211        11135.986303466838        6.8613815789473687E-004  0.15045626315789473        3.4619652055921053E-002   88625.104052094292     
       40001   2.5299999999999891        380000.00000000000       -1.1047111447368421        1.2247097933717104        11067.084968771320        9.4189144736842099E-004  0.14478728618421052        3.2174723400493425E-002   82365.020776946680     
       40001   2.5399999999999889        380000.00000000000       -1.0967564342105263        1.2070998548684211        10816.457948755473       -1.1135427631578949E-003  0.14040318750000000        3.0285033293585523E-002   77526.510889216370     
       40001   2.5499999999999887        380000.00000000000       -1.0887484473684210        1.1895894894572367        10793.747993828263       -2.0398947368421051E-003  0.13655417105263157        2.8708691611842106E-002   73483.597929740063     
       40001   2.5599999999999885        380000.00000000000       -1.0807489276315789        1.1721900534375000        10679.830683371983       -6.4092763157894736E-004  0.13192110526315790        2.6829026669407893E-002   68681.256655818172     
       40001   2.5699999999999883        380000.00000000000       -1.0732045460526316        1.1559088869407894        10600.676538251806       -1.1897500000000001E-003  0.12834819078947368        2.5448693569078945E-002   65145.031843882105     
       40001   2.5799999999999881        380000.00000000000       -1.0660128552631578        1.1404882769901317        10508.465673782397        2.8754605263157896E-004  0.12605684210526316        2.4592764605263159E-002   62957.265721678785     
       40001   2.5899999999999879        380000.00000000000       -1.0590749210526316        1.1257073064967107        10413.102320826147        2.5556249999999998E-004  0.12408700328947368        2.3842872306743423E-002   61037.585906053158     
       40001   2.5999999999999877        380000.00000000000       -1.0515232302631579        1.1097345321710528        10325.576673245989        6.0999999999999997E-004  0.11972455263157895        2.2180648626644737E-002   56781.507908210522     
       40001   2.6099999999999874        380000.00000000000       -1.0446357828947368        1.0952926578618420        10313.571731820237        6.1325328947368419E-004  0.11799666776315788        2.1570962923519735E-002   55220.702320442077     
       40001   2.6199999999999872        380000.00000000000       -1.0375714276315791        1.0805338152467105        10187.130391750485       -5.8888157894736843E-004  0.11492741447368421        2.0453349547697369E-002   52359.687081429365     
       40001   2.6299999999999870        380000.00000000000       -1.0311625986842106        1.0672384054276316        10091.777286290657       -8.3411842105263157E-004  0.11234240789473685        1.9599734062499999E-002   50173.538070936731     
       40001   2.6399999999999868        380000.00000000000       -1.0244211513157895        1.0533611961184211        10041.602189449128       -1.3304276315789473E-004  0.10995075986842105        1.8787498795230263E-002   48095.951602824789     
       40001   2.6499999999999866        380000.00000000000       -1.0180182828947368        1.0402490916611842        9952.9404242830351       -9.4623026315789473E-004  0.10817782236842105        1.8199061661184211E-002   46587.305752251639     
       40001   2.6599999999999864        380000.00000000000       -1.0115951907894738        1.0271896319078948        9893.8928115279414       -7.0923355263157893E-004  0.10634242434210525        1.7570481344572370E-002   44979.144530790887     
       40001   2.6699999999999862        380000.00000000000       -1.0054905263157894        1.0148668140625001        9870.3758123437874        2.4455592105263155E-004  0.10434447039473684        1.6889407010690791E-002   43236.728839916206     
       40001   2.6799999999999859        380000.00000000000      -0.99911694078947366        1.0020570356743421        9785.2782126734965       -3.2126315789473685E-004  0.10178624342105262        1.6150830041118423E-002   41345.860687620610     
       40001   2.6899999999999857        380000.00000000000      -0.99297321710526321       0.98980138235197368        9742.2655068100430        1.3451315789473684E-004  0.10049439473684210        1.5729612730263159E-002   40267.762269372193     
       40001   2.6999999999999855        380000.00000000000      -0.98685143421052635       0.97764307391447369        9644.3410204183310       -5.7399013157894742E-004   9.8475292763157890E-002   1.5107081624177633E-002   38673.285528336593     
       40001   2.7099999999999853        380000.00000000000      -0.98097108552631584       0.96608183953947369        9670.5763860358857        8.8789802631578942E-004   9.7064555921052620E-002   1.4674530768914474E-002   37564.780559383908     
       40001   2.7199999999999851        380000.00000000000      -0.97528270394736838       0.95489499082236839        9519.7138009043410        2.9336184210526314E-004   9.5829697368421063E-002   1.4312191192434209E-002   36638.989136035343     
       40001   2.7299999999999849        380000.00000000000      -0.96938141447368420       0.94340376279605265        9480.7963367728516        9.4666776315789473E-004   9.3815555921052632E-002   1.3702950152138158E-002   35077.258169047949     
       40001   2.7399999999999847        380000.00000000000      -0.96370288815789484       0.93241304013157900        9445.8457285403274        6.6645065789473681E-004   9.1985871710526315E-002   1.3184097002467107E-002   33750.151285728505     
       40001   2.7499999999999845        380000.00000000000      -0.95813503947368417       0.92170823773026311        9434.8386893435381        5.5724342105263158E-004   9.0868151315789458E-002   1.2880152754934210E-002   32972.396120841993     
       40001   2.7599999999999842        380000.00000000000      -0.95258674999999993       0.91107098074013160        9342.6290292968042        5.2493421052631583E-005   8.9463032894736838E-002   1.2463228725328948E-002   31905.858482610416     
       40001   2.7699999999999840        380000.00000000000      -0.94706410526315787       0.90057203657894735        9322.5397786661051        1.5838815789473683E-005   8.8277101973684213E-002   1.2122571912006578E-002   31033.783452514544     
       40001   2.7799999999999838        380000.00000000000      -0.94192230921052622       0.89083272455592100        9254.6251966226846       -3.8396381578947370E-004   8.6881759868421060E-002   1.1761038992598684E-002   30107.882404830332     
       40001   2.7899999999999836        380000.00000000000      -0.93675265131578955       0.88110400457236848        9212.0955525306053        3.0664802631578947E-004   8.6067634868421047E-002   1.1560489551809211E-002   29594.612528120750     
       40001   2.7999999999999834        380000.00000000000      -0.93157508552631585       0.87142457598684209        9196.6361945075914       -1.9831578947368422E-004   8.4513335526315791E-002   1.1144225838815790E-002   28529.117464738392     
       40001   2.8099999999999832        380000.00000000000      -0.92646971052631588       0.86190402884868422        9108.2350744800642        6.7758881578947364E-004   8.3701924342105272E-002   1.0934044148848684E-002   27989.977656948227     
       40001   2.8199999999999830        380000.00000000000      -0.92134461842105264       0.85244150782894734        9127.9409549115226       -4.8590460526315790E-004   8.2457121710526313E-002   1.0617617841282895E-002   27180.497249273547     
       40001   2.8299999999999828        380000.00000000000      -0.91633522368421050       0.84320322023026306        9044.4238486294635       -5.1156578947368419E-004   8.1510723684210529E-002   1.0381489687500000E-002   26575.943649134184     
       40001   2.8399999999999825        380000.00000000000      -0.91164150000000010       0.83458800444078951        8954.3165914607234        5.1165460526315790E-004   8.0318851973684213E-002   1.0083097767269737E-002   25812.060100696704     
       40001   2.8499999999999823        380000.00000000000      -0.90680959210526313       0.82580995532894741        8976.1766267744824       -8.7737828947368423E-004   7.9798450657894732E-002   9.9419227179276311E-003   25449.351488677868     
       40001   2.8599999999999821        380000.00000000000      -0.90169036184210527       0.81655588888157893        8986.5734211383387       -1.5341118421052631E-004   7.8266338815789482E-002   9.5831385896381575E-003   24532.774539895596     
       40001   2.8699999999999819        380000.00000000000      -0.89706199342105264       0.80820411907894740        8918.7815382904373        3.0309868421052631E-004   7.7687894736842109E-002   9.4462575493421061E-003   24182.184142156122     
       40001   2.8799999999999817        380000.00000000000      -0.89257550657894735       0.80016168582236846        8884.8662469219416        4.9592105263157893E-005   7.6946921052631581E-002   9.2604929934210524E-003   23706.855767153022     
       40001   2.8899999999999815        380000.00000000000      -0.88781171052631580       0.79165752083881580        8826.5919773518108       -4.9285526315789472E-004   7.6114388157894744E-002   9.0467479687499994E-003   23159.052959845318     
       40001   2.8999999999999813        380000.00000000000      -0.88315900657894730       0.78339948470394738        8779.9137342318427       -2.3117105263157893E-004   7.4800822368421060E-002   8.7575579934210529E-003   22419.211656615622     
       40001   2.9099999999999810        380000.00000000000      -0.87869971052631579       0.77553378470394740        8756.7447677853052        3.1707236842105261E-005   7.4179470394736852E-002   8.6010087047697376E-003   22018.579710517424     
       40001   2.9199999999999808        380000.00000000000      -0.87423704605263153       0.76769526174342106        8716.4135746306274       -8.0871710526315781E-005   7.3870707236842109E-002   8.5287236718750003E-003   21833.515857002076     
       40001   2.9299999999999806        380000.00000000000      -0.86992767763157897       0.76016582912828945        8682.6619361715857        6.9430921052631575E-005   7.2583641447368424E-002   8.2517630057565797E-003   21124.500953865681     
       40001   2.9399999999999804        380000.00000000000      -0.86556204605263165       0.75258193996710521        8663.7680647354573       -2.1301973684210526E-004   7.1843901315789480E-002   8.0847090789473684E-003   20696.739075940055     
       40001   2.9499999999999802        380000.00000000000      -0.86139338815789468       0.74537112626644741        8633.7461870333645        7.6517105263157904E-004   7.1329947368421062E-002   7.9524715131578938E-003   20356.828227630358     
       40001   2.9599999999999800        380000.00000000000      -0.85711755921052624       0.73799962633223681        8573.7370245805942        6.6392105263157893E-004   7.0492539473684210E-002   7.7792228536184213E-003   19913.682079882990     
       40001   2.9699999999999798        380000.00000000000      -0.85285446052631586       0.73072752685855269        8618.9978084338363        3.6855921052631580E-004   7.0039197368421055E-002   7.6736753700657901E-003   19644.261207485764     
       40001   2.9799999999999796        380000.00000000000      -0.84862067105263161       0.72348877060855266        8529.2218130785041        2.7532894736842106E-006   6.9097174342105272E-002   7.4733332442434202E-003   19131.733085856813     
       40001   2.9899999999999793        380000.00000000000      -0.84479255263157893       0.71699461509868423        8499.6047792772297       -2.2917763157894735E-004   6.8834092105263159E-002   7.4249553618421045E-003   19007.751269005537     
       40001   2.9999999999999791        380000.00000000000      -0.84056143421052643       0.70986720608552634        8508.6243928812910       -4.5638157894736842E-005   6.7908315789473678E-002   7.2148413898026316E-003   18469.988625820610     
       40001   3.0099999999999789        380000.00000000000      -0.83654190789473692       0.70311746656249996        8486.6634197337553        2.0372368421052632E-004   6.7183065789473681E-002   7.0681183881578947E-003   18094.276825135068     
       40001   3.0199999999999787        380000.00000000000      -0.83268971710526318       0.69666382516447367        8426.6500905740540        1.3773355263157894E-004   6.6943286184210526E-002   7.0089487870065798E-003   17942.860330176150     
       40001   3.0299999999999785        380000.00000000000      -0.82883186842105261       0.69025268292763153        8423.4670522841625        3.0529276315789471E-004   6.6274417763157900E-002   6.8701451768092099E-003   17587.333051233210     
       40001   3.0399999999999783        380000.00000000000      -0.82499015131578946       0.68388906526315785        8397.6076674782671        1.3860526315789473E-004   6.5365934210526319E-002   6.7023478782894741E-003   17157.961387188479     
       40001   3.0499999999999781        380000.00000000000      -0.82104221710526315       0.67737590988486840        8359.9042963003740        3.9143749999999997E-004   6.5174648026315798E-002   6.6495733593750000E-003   17022.515548310002     
       40001   3.0599999999999778        380000.00000000000      -0.81730241447368424       0.67123929164473684        8335.5006469704676        3.4180263157894734E-004   6.4590375000000005E-002   6.5319299506578941E-003   16721.441591344486     
       40001   3.0699999999999776        380000.00000000000      -0.81364267763157894       0.66524311715460527        8265.4983452665620       -3.6726973684210530E-005   6.3985990131578949E-002   6.4146786718749993E-003   16421.573946891272     
       40001   3.0799999999999774        380000.00000000000      -0.80988460526315786       0.65913535817434210        8249.0478901274037        2.7842105263157896E-005   6.3597407894736835E-002   6.3344506661184210E-003   16216.191720795125     
       40001   3.0899999999999772        380000.00000000000      -0.80637690131578954       0.65346101115131583        8236.2986896927468        5.6730263157894741E-005   6.2945861842105266E-002   6.2020994983552633E-003   15877.366476883213     
       40001   3.0999999999999770        380000.00000000000      -0.80280084868421053       0.64770479406249992        8231.9140208926983       -1.7964473684210528E-004   6.2858388157894740E-002   6.1876044654605262E-003   15840.184814666372     
       40001   3.1099999999999768        380000.00000000000      -0.79910838815789476       0.64178750567434206        8226.0215040857438       -1.8273026315789473E-004   6.1908361842105263E-002   6.0100971710526320E-003   15385.763278601109     
       40001   3.1199999999999766        380000.00000000000      -0.79545437500000005       0.63595065703947362        8199.6654920524452        2.1155592105263156E-004   6.1625424342105266E-002   5.9512818379934213E-003   15235.166930139363     
       40001   3.1299999999999764        380000.00000000000      -0.79203891447368424       0.63051738927631573        8170.8729232992046        1.6899671052631577E-004   6.1171963815789467E-002   5.8602193626644738E-003   15002.088455107340     
       40001   3.1399999999999761        380000.00000000000      -0.78865993421052638       0.62516489572368417        8141.8339705150574        2.7526315789473682E-004   6.0847552631578948E-002   5.8077920312500000E-003   14867.753629296398     
       40001   3.1499999999999759        380000.00000000000      -0.78496200657894732       0.61934185981907897        8131.8605993769597       -2.7810526315789473E-004   6.0352499999999996E-002   5.7064787417763158E-003   14608.387582051633     
       40001   3.1599999999999757        380000.00000000000      -0.78174122368421051       0.61428760121710524        8110.7466491351370        9.9792763157894731E-005   5.9948101973684213E-002   5.6251130550986845E-003   14400.263927047950     
       40001   3.1699999999999755        380000.00000000000      -0.77831661184210532       0.60895189562499996        8128.3772304013837       -2.7138815789473685E-004   5.9478236842105264E-002   5.5415492927631572E-003   14186.177641551134     
       40001   3.1799999999999753        380000.00000000000      -0.77506257236842102       0.60386516261513157        8046.5191136710346        2.2773026315789473E-005   5.9083641447368419E-002   5.4640519695723679E-003   13987.971714461801     
       40001   3.1899999999999751        380000.00000000000      -0.77185092763157892       0.59890753643092098        8073.4257796916645       -1.5993421052631581E-005   5.8804381578947372E-002   5.4179045312500000E-003   13869.834945178836     
       40001   3.1999999999999749        380000.00000000000      -0.76852034210526310       0.59375824710526315        8024.9110417214688        7.2164473684210517E-005   5.8233723684210530E-002   5.3118994243421050E-003   13598.449194574958     
       40001   3.2099999999999747        380000.00000000000      -0.76535081578947373       0.58889261595394737        8014.7064942962024       -1.0965460526315789E-004   5.8002246710526312E-002   5.2706741241776312E-003   13492.894976115651     
       40001   3.2199999999999744        380000.00000000000      -0.76202988815789463       0.58380136888157896        7966.2551952523645       -2.7632565789473685E-004   5.7332483552631583E-002   5.1475726110197370E-003   13177.590413185348     
       40001   3.2299999999999742        380000.00000000000      -0.75904726315789472       0.57927372504934205        7989.7019951406401        5.4638157894736842E-006   5.7140430921052629E-002   5.1175318462171058E-003   13100.881449891385     
       40001   3.2399999999999740        380000.00000000000      -0.75585646052631572       0.57442569402960530        7953.1650822025258        2.7933881578947369E-004   5.6844424342105258E-002   5.0687409745065791E-003   12975.777137491386     
       40001   3.2499999999999738        380000.00000000000      -0.75267842763157899       0.56963592363486837        7964.4370250811335       -2.4923355263157897E-004   5.6388273026315792E-002   4.9885180057565792E-003   12770.447074285623     
       40001   3.2599999999999736        380000.00000000000      -0.74959196710526310       0.56497074587171059        7891.5295308099594       -2.5368421052631581E-005   5.6097131578947364E-002   4.9397024013157894E-003   12645.636499863047     
       40001   3.2699999999999734        380000.00000000000      -0.74650076315789482       0.56034386549342108        7886.0188111404423        2.1408881578947368E-004   5.5667825657894736E-002   4.8641932113486844E-003   12452.217285958754     
       40001   3.2799999999999732        380000.00000000000      -0.74346799342105252       0.55583075949013150        7900.4217564295977        7.0309210526315789E-005   5.5060322368421052E-002   4.7578771463815794E-003   12180.152839671026     
       40001   3.2899999999999729        380000.00000000000      -0.74054302631578950       0.55147228180921060        7854.8684397118632        7.6187500000000002E-005   5.5182634868421052E-002   4.7751359662828946E-003   12224.333214074210     
       40001   3.2999999999999727        380000.00000000000      -0.73756707894736850       0.54707679205592108        7863.2860389563721        1.2146052631578949E-004   5.4913256578947370E-002   4.7195777631578945E-003   12082.081306876011     
       40001   3.3099999999999725        380000.00000000000      -0.73464514473684206       0.54278001485197369        7875.9069863886107        5.4161184210526314E-005   5.4549858552631579E-002   4.6618875534539476E-003   11934.424627251386     
       40001   3.3199999999999723        380000.00000000000      -0.73164199999999990       0.53835992457236848        7833.3655254233163       -1.8818749999999999E-004   5.4253667763157896E-002   4.6141088445723682E-003   11812.027980895262     
       40001   3.3299999999999721        380000.00000000000      -0.72881247368421054       0.53420875182565786        7785.2928715769667       -3.6715131578947369E-004   5.3753243421052629E-002   4.5341245559210527E-003   11607.013774930860     
       40001   3.3399999999999719        380000.00000000000      -0.72592011184210525       0.53000046580592108        7783.5699944102671       -3.4342763157894739E-004   5.3473809210526316E-002   4.4822299588815791E-003   11474.206761839225     
       40001   3.3499999999999717        380000.00000000000      -0.72310993421052627       0.52592553973684208        7776.1607241993770       -3.3190789473684213E-006   5.3212588815789469E-002   4.4409868133223679E-003   11368.926213903573     
       40001   3.3599999999999715        380000.00000000000      -0.72028247368421050       0.52183370302631582        7748.7644919564482       -1.5526315789473684E-006   5.2907151315789470E-002   4.3854482236842102E-003   11226.747446460276     
       40001   3.3699999999999712        380000.00000000000      -0.71751488815789477       0.51785301106907888        7745.0146325575188        1.0937500000000002E-005   5.2634049342105263E-002   4.3475708675986841E-003   11129.781114802632     
       40001   3.3799999999999710        380000.00000000000      -0.71463413815789478       0.51371631450657895        7716.7694999088999        4.1177631578947374E-005   5.2409625000000001E-002   4.3018674177631583E-003   11012.776248744489     
       40001   3.3899999999999708        380000.00000000000      -0.71202705921052623       0.50999281876644731        7706.3314392501488        9.9552631578947356E-005   5.2048282894736841E-002   4.2460815625000002E-003   10869.943428540277     
       40001   3.3999999999999706        380000.00000000000      -0.70936380921052633       0.50621463985197368        7725.1226478226017        8.2598684210526321E-006   5.1847266447368423E-002   4.2182334169407892E-003   10798.677372711330     
       40001   3.4099999999999704        380000.00000000000      -0.70652919078947363       0.50218237669407895        7677.1308965131175       -2.1078947368421054E-005   5.1568072368421057E-002   4.1709051480263160E-003   10677.516041482992     
       40001   3.4199999999999702        380000.00000000000      -0.70393626315789470       0.49851893008223686        7661.2287834521849       -1.4360855263157896E-004   5.1332845394736842E-002   4.1317021504934208E-003   10577.104709317202     
       40001   3.4299999999999700        380000.00000000000      -0.70132434868421056       0.49484072879934210        7641.3100595453288        9.8421052631578940E-006   5.0937723684210526E-002   4.0712493338815794E-003   10422.398046757229     
       40001   3.4399999999999697        380000.00000000000      -0.69867443421052622       0.49113925305921058        7662.8173819174990       -6.3911184210526314E-005   5.0823582236842108E-002   4.0532360978618419E-003   10376.273953849281     
       40001   3.4499999999999695        380000.00000000000      -0.69605970394736838       0.48746720985197373        7598.3318852493539       -1.5095394736842105E-004   5.0559703947368417E-002   4.0046040131578951E-003   10251.727938722992     
       40001   3.4599999999999693        380000.00000000000      -0.69359230263157901       0.48405362203947372        7637.3498104265891        5.7592105263157891E-005   5.0390427631578943E-002   3.9761756743421049E-003   10179.001235178283     
       40001   3.4699999999999691        380000.00000000000      -0.69095643421052633       0.48040307917763159        7634.6501138079911        8.5608552631578937E-005   5.0081786184210532E-002   3.9326191324013157E-003   10067.486217157202     
       40001   3.4799999999999689        380000.00000000000      -0.68850819078947367       0.47700875722039471        7590.9847966730595       -1.6985855263157895E-004   4.9878365131578943E-002   3.8993725781250000E-003   9982.3199390645714     
       40001   3.4899999999999687        380000.00000000000      -0.68594384210526316       0.47347137876644740        7558.2060654519591       -1.4240460526315790E-004   4.9555286184210526E-002   3.8544285978618417E-003   9867.2852961030185     
