       40001   1.5000000000000000        380000.00000000000       -1.9199773914473683        3.6878509866324012        62988.409379214048       -2.7753495065789474E-002  0.70450121546052624       0.63524296336759867        25988002.073773339     
       40001   1.5100000000000000        380000.00000000000       -1.9162257664473685        3.6735798380201481        67938.304956138134        8.8901116776315792E-002  0.68854335032894742       0.62026387075092515        25082284.531173337     
       40001   1.5200000000000000        380000.00000000000       -1.9126860098684211        3.6600065736369243        67125.300860643387        8.1173000822368419E-002  0.67852139720394733       0.60092866615722662        24344150.429479666     
       40001   1.5300000000000000        380000.00000000000       -1.9084006924342105        3.6436522674537417        67955.284802258015        4.6711583059210519E-002  0.64910074424342101       0.57239944615619864        23356107.741769772     
       40001   1.5400000000000000        380000.00000000000       -1.9089442861842105        3.6457605429440787        69314.772530555725        3.4157538651315787E-002  0.68974998108552621       0.61378402650776109        25092804.159940399     
       40001   1.5500000000000000        380000.00000000000       -1.9072138914473684        3.6391736317269738        69992.611723661423       -3.7344805098684208E-002  0.69662110444078951       0.62193332900570519        25417264.928270195     
       40001   1.5600000000000001        380000.00000000000       -1.9071229884868421        3.6387846258213403        68261.175556361675        4.0955387335526311E-002  0.71420317516447374       0.64276585913368622        26258985.590041939     
       40001   1.5700000000000001        380000.00000000000       -1.9011778108552631        3.6162547812654191        72815.115346282721        8.2921851151315784E-002  0.67971387253289484       0.60563052407766249        24524983.938224189     
       40001   1.5800000000000001        380000.00000000000       -1.8986618815789473        3.6066325309642271        70270.582919925451        1.7645865953947369E-002  0.66455623930921048       0.59372293363512540        24306137.376762297     
       40001   1.5900000000000001        380000.00000000000       -1.8989829539473684        3.6078286800287831        69321.549664676189        9.5749490131578959E-003  0.70380730263157898       0.63069504075143912        25829513.670772105     
       40001   1.6000000000000001        380000.00000000000       -1.8935563273026315        3.5873517102189560        73570.121774077415        9.3430946546052634E-002  0.68784463733552625       0.60806475040835728        24548778.337725069     
       40001   1.6100000000000001        380000.00000000000       -1.8926936792763158        3.5839981146679687        69990.444869697094       -9.5017663651315781E-002  0.69150576069078951       0.61699335452533921        24902246.322978187     
       40001   1.6200000000000001        380000.00000000000       -1.8917581365131579        3.5804382353011928        69197.342206239700       -1.8317441611842105E-002  0.71208324095394748       0.63845678345883017        26137446.596265037     
       40001   1.6300000000000001        380000.00000000000       -1.8861359325657896        3.5592541362571959        71490.770590752363       -2.0604122532894738E-002  0.68799426233552641       0.60688472015290906        24840609.394178398     
       40001   1.6400000000000001        380000.00000000000       -1.8855110016447370        3.5568953520281661        71418.458309710026        8.2600378289473687E-003  0.69896332730263155       0.62848128852127871        25739798.949738212     
       40001   1.6500000000000001        380000.00000000000       -1.8820828799342106        3.5440073783172288        72557.009951800108        9.4997889802631588E-002  0.70190845230263166       0.62665123966745473        25297987.198996555     
       40001   1.6600000000000001        380000.00000000000       -1.8809925378289476        3.5398119935824428        68774.552136003971       -3.7402533717105266E-002  0.70971880345394733       0.63939617120245684        26132366.199766945     
       40001   1.6700000000000002        380000.00000000000       -1.8760823174342105        3.5214759144335934        73361.516309529543        1.4583540296052631E-002  0.70551905180921048       0.62936483450169611        25770072.262825146     
       40001   1.6800000000000002        380000.00000000000       -1.8769947434210528        3.5248088405468749        69614.539432406425       -6.7196414473684211E-003  0.74081772697368420       0.67107745426655019        27485483.036072716     
       40001   1.6900000000000002        380000.00000000000       -1.8696319062500002        3.4973285395178864        73935.857658982277       0.11110566776315789       0.70515333059210539       0.62751200788188732        25197262.375845484     
       40001   1.7000000000000002        380000.00000000000       -1.8667135773026318        3.4863737947974913        71852.650967180729       -4.7407116776315789E-002  0.70592099506578943       0.62744942367598688        25608273.467594489     
       40001   1.7100000000000002        380000.00000000000       -1.8627117286184209        3.4715425085145974        75674.606877535582        8.3723606907894738E-002  0.69700310032894730       0.62154169386975733        25171232.830099035     
       40001   1.7200000000000002        380000.00000000000       -1.8609800098684210        3.4650263333614313        72897.996044814587       -3.0115877467105263E-002  0.71316930838815795       0.63808297129959912        26098729.173974443     
       40001   1.7300000000000002        380000.00000000000       -1.8574094934210528        3.4517771345990957        74019.157952278852       -4.1832981085526313E-002  0.71900417680921047       0.64268141336322993        26252550.760723572     
       40001   1.7400000000000002        380000.00000000000       -1.8604643601973683        3.4629131776840048        64943.805210709572       -4.2191759868421046E-002  0.77877797697368423       0.71028995178865140        29020561.702414617     
       40001   1.7500000000000002        380000.00000000000       -1.8515116842105264        3.4298820161410362        73175.014315456152        8.4706972039473694E-002  0.73062916776315789       0.65639658603361428        26592105.059185382     
       40001   1.7600000000000002        380000.00000000000       -1.8469604490131579        3.4130735752518500        74165.249350219965       -3.2442892269736838E-002  0.72800230509868424       0.64944052100303251        26557971.650322709     
       40001   1.7700000000000002        380000.00000000000       -1.8368978782894738        3.3761535781023850        80271.885845094919        4.9872171874999996E-002  0.67206303042763149       0.58650938531429897        23921547.337186076     
       40001   1.7800000000000002        380000.00000000000       -1.8404381644736842        3.3889793739000824        72365.533135622740        3.0273590460526315E-002  0.73644216611842106       0.66022336784025493        27005209.704893779     
       40001   1.7900000000000003        380000.00000000000       -1.8336554259868421        3.3641724033912417        77012.260464817286        9.8013601973684205E-003  0.71688798519736840       0.63571005260433799        26034748.864209693     
       40001   1.8000000000000003        380000.00000000000       -1.8301632072368421        3.3513521180612669        75970.680333226919       -2.8511506578947368E-002  0.72538535690789474       0.64377794014699841        26335847.798357893     
       40001   1.8100000000000003        380000.00000000000       -1.8252217615131578        3.3333359086441203        77882.570462226868        6.3220665296052636E-002  0.72154800740131575       0.63904265690198403        26011476.147466589     
       40001   1.8200000000000003        380000.00000000000       -1.8237088009868421        3.3276883304965050        72685.146097242832       -8.1994983552631572E-004  0.74095403700657902       0.66212905559698809        27120778.579118297     
       40001   1.8300000000000003        380000.00000000000       -1.8170035888157896        3.3033765182031254        76778.554722994566        4.5483279605263160E-002  0.72706046052631579       0.64361155842567841        26277594.304595061     
       40001   1.8400000000000003        380000.00000000000       -1.8142846710526317        3.2934326685259045        73883.685246914625        3.2362778782894737E-002  0.74556650904605259       0.66143225859503496        27049365.878558077     
       40001   1.8500000000000003        380000.00000000000       -1.8092254440789475        3.2751534361492598        76051.605364531279        8.2864152138157898E-002  0.73636436430921048       0.65600140927554484        26588567.206542093     
       40001   1.8600000000000003        380000.00000000000       -1.8051816348684211        3.2604783072430097        73628.564553096890        6.9270376644736842E-002  0.74787292434210528       0.66431343647923524        27013736.505292043     
       40001   1.8700000000000003        380000.00000000000       -1.7987192960526315        3.2372712421504932        77010.377048850060        5.7487294407894737E-003  0.73524552384868413       0.65017584227102176        26629848.857839141     
       40001   1.8800000000000003        380000.00000000000       -1.7935593815789475        3.2187590145106908        77977.979323774576        3.6635415296052631E-002  0.73452716365131576       0.64962582534976354        26553699.192661986     
       40001   1.8900000000000003        380000.00000000000       -1.7888724226973685        3.2019382409796466        76746.600140556693        1.0755731907894737E-003  0.73862634457236842       0.65271671597219361        26735229.301330119     
       40001   1.9000000000000004        380000.00000000000       -1.7836909440789475        3.1834182147265628        76383.467000454664        1.5832274671052630E-002  0.74536407401315785       0.65513878336657072        26824217.495359942     
       40001   1.9100000000000004        380000.00000000000       -1.7747721365131579        3.1518110510844983        81711.699600145221       -3.7822764802631581E-002  0.71157391776315793       0.61977573442228617        25327418.281368412     
       40001   1.9200000000000004        380000.00000000000       -1.7725337532894736        3.1437608617865953        77207.766471758485        3.7874193256578946E-002  0.74118596299342099       0.65108651011950047        26609748.197567027     
       40001   1.9300000000000004        380000.00000000000       -1.7666678026315790        3.1230115689905427        77678.351788058877        3.1941692434210529E-002  0.74049118421052629       0.64877740579615550        26532132.211941119     
       40001   1.9400000000000004        380000.00000000000       -1.7641732713815790        3.1140659583789065        72033.358713805676        8.5712684210526302E-002  0.76929668750000002       0.67919370710012339        27518854.875772927     
       40001   1.9500000000000004        380000.00000000000       -1.7561668371710528        3.0859741968719163        75867.623118326068        6.1404308388157892E-002  0.74740856003289480       0.65710689817973889        26760659.316371903     
       40001   1.9600000000000004        380000.00000000000       -1.7448318585526315        3.0464895922594573        84024.428102746606       -1.3710266447368422E-002  0.70675258388157902       0.61045911423776722        24996706.010386817     
       40001   1.9700000000000004        380000.00000000000       -1.7456388930921054        3.0490001959796462        71477.285020276904        3.8289574013157891E-002  0.76903004276315778       0.67410513850842924        27551295.366361912     
       40001   1.9800000000000004        380000.00000000000       -1.7370384802631580        3.0191504128495068        75683.059079796076       -1.6702253289473685E-003  0.75268927631578952       0.65516621937602793        26835494.081469584     
       40001   1.9900000000000004        380000.00000000000       -1.7270387746710525        2.9846939572502054        83190.908228188753       0.10427574424342105       0.72530039226973686       0.62530371692716902        25167064.518232048     
       40001   2.0000000000000004        380000.00000000000       -1.7220406710526317        2.9673557185094572        79120.209922417998       -3.8204347039473688E-002  0.74054324671052629       0.63914538925627062        26119611.069380935     
       40001   2.0100000000000002        380000.00000000000       -1.7170840773026317        2.9502175912119655        75360.775607734919        1.3834249999999999E-002  0.75834801480263148       0.65579822248663655        26853656.003115989     
       40001   2.0200000000000000        380000.00000000000       -1.7092640805921053        2.9234497174372942        76432.188822299242        5.5366036184210524E-003  0.74990568256578949       0.64654779898283310        26481342.259331297     
       40001   2.0299999999999998        380000.00000000000       -1.7051312039473683        2.9091927999814970        70466.654474034905       -4.9267122532894739E-002  0.77535514720394749       0.67154214855134664        27406946.270768143     
       40001   2.0399999999999996        380000.00000000000       -1.6959988881578949        2.8781868614740955        72688.961178824306       -9.0989376644736844E-002  0.76541985361842113       0.65699249104081003        26571301.862547956     
       40001   2.0499999999999994        380000.00000000000       -1.6891615493421055        2.8550086525925167        71348.748971819878       -7.5283745888157894E-002  0.77132541858552628       0.66269744600714431        26911940.755955368     
       40001   2.0599999999999992        380000.00000000000       -1.6804167236842105        2.8255661897142268        72328.170563608408       -6.9187754934210526E-003  0.76698083634868430       0.65377956003109583        26776850.046024397     
       40001   2.0699999999999990        380000.00000000000       -1.6721785592105263        2.7979353980386512        71854.659799441695       -5.9501973684210525E-004  0.76671575000000003       0.65113738364206408        26670572.732152909     
       40001   2.0799999999999987        380000.00000000000       -1.6652174687499999        2.7746091529533308        67990.926261201501        4.5521181743421055E-002  0.77797733305921057       0.65929877373380963        26920001.361776315     
       40001   2.0899999999999985        380000.00000000000       -1.6557094457236843        2.7430891871638572        70263.541974097490        1.8524738486842104E-002  0.77126859539473680       0.64983159341128705        26603045.989387516     
       40001   2.0999999999999983        380000.00000000000       -1.6483769259868422        2.7187699397111431        66496.495014369488        8.5798531249999990E-002  0.78087625822368423       0.65735350614720389        26623677.160757113     
       40001   2.1099999999999981        380000.00000000000       -1.6362024062500000        2.6789439272748763        73138.710797771811        7.0698170230263160E-002  0.75717611266447360       0.63010701353078735        25604455.721241809     
       40001   2.1199999999999979        380000.00000000000       -1.6264901694078946        2.6472623554101564        73403.770045831800       -2.3158259046052631E-002  0.75757192023026321       0.62586876632735400        25613617.617523097     
       40001   2.1299999999999977        380000.00000000000       -1.6191704950657893        2.6233394607514389        66616.060307279229        3.4634951480263160E-002  0.77408436430921057       0.63844893318590668        26101733.512063652     
       40001   2.1399999999999975        380000.00000000000       -1.6078908865131578        2.5870052237942023        69309.270512998104        9.0050164473684212E-003  0.76349686184210530       0.62416872411338409        25562629.480127148     
       40001   2.1499999999999972        380000.00000000000       -1.5976861167763159        2.5542443546083473        67314.764536365867       0.10983147203947369       0.76362615953947366       0.61991933838969981        24897797.576267455     
       40001   2.1599999999999970        380000.00000000000       -1.5840707055921053        2.5110839610865545        73890.233199998736        7.3759527138157893E-002  0.74058919161184211       0.59221554141061883        24034307.013303261     
       40001   2.1699999999999968        380000.00000000000       -1.5748095098684212        2.4816802893832239        67800.965579032898        2.4197269736842105E-002  0.75211830921052636       0.59871481333624588        24499376.352195721     
       40001   2.1799999999999966        380000.00000000000       -1.5604121266447368        2.4366922354697782        73983.200863361359       -3.8940042763157899E-002  0.72949244078947373       0.57162273875154201        23351558.628194116     
       40001   2.1899999999999964        380000.00000000000       -1.5487487302631577        2.4003617662726153        71235.042544499040       -4.0686782894736845E-002  0.73027951809210523       0.56643586837376647        23133407.398766305     
       40001   2.1999999999999962        380000.00000000000       -1.5357356332236842        2.3602250050585938        71314.223335161805       -2.1866473684210526E-002  0.72088311677631578       0.55034821571186265        22522678.191738077     
       40001   2.2099999999999960        380000.00000000000       -1.5198329736842107        2.3117739106167763        77072.085769653320        6.6384277138157893E-002  0.69531733963815801       0.52013150531892482        21124080.970455822     
       40001   2.2199999999999958        380000.00000000000       -1.5085908437500002        2.2775612078813734        70241.240475088358        3.1339185855263157E-002  0.70564693585526317       0.52191674921977793        21337481.406452008     
       40001   2.2299999999999955        380000.00000000000       -1.4901987845394737        2.2225653327127879        76714.609453588724        6.6560671052631581E-002  0.67266526809210536       0.48224851300781246        19571433.065547198     
       40001   2.2399999999999953        380000.00000000000       -1.4735167088815788        2.1731426102641858        77460.230593994260       -5.6250904605263160E-003  0.65009942105263163       0.45296489357781666        18552145.999262825     
       40001   2.2499999999999951        380000.00000000000       -1.4550863552631581        2.1192292246484374        79991.741457059979       -8.7576578947368422E-002  0.62124492598684211       0.41705672291940793        16768494.212681042     
       40001   2.2599999999999949        380000.00000000000       -1.4337410049342105        2.0576494701161594        83402.788306921721        1.7744288651315790E-002  0.57561936101973687       0.36673508093415913        15008572.258484958     
       40001   2.2699999999999947        380000.00000000000       -1.4132720559210525        1.9993521778042762        82504.653084978461        9.9238651315789470E-004  0.53438493914473684       0.32263368640059620        13215035.456291009     
       40001   2.2799999999999945        380000.00000000000       -1.3922132582236841        1.9402228977127878        80492.189244672656       -3.1072532072368420E-002  0.48345669819078951       0.27218704881039268        11109234.547138736     
       40001   2.2899999999999943        380000.00000000000       -1.3704070082236841        1.8799040409241365        77360.035248041153       -8.6136348684210523E-003  0.42500085855263159       0.22010677898180511        9012534.6519514583     
       40001   2.2999999999999940        380000.00000000000       -1.3496551743421055        1.8233044228495066        71079.248735755682       -7.4555855263157902E-003  0.36700407894736842       0.17268305674547699        7070821.2117478102     
       40001   2.3099999999999938        380000.00000000000       -1.3297744177631581        1.7699087547759045        65894.508075356483        1.0706515624999999E-002  0.31275556496710527       0.13215752237433182        5408476.8930817414     
       40001   2.3199999999999936        380000.00000000000       -1.3117415888157895        1.7220997267413651        58725.618171617389       -3.1866299342105265E-003  0.27451778947368422       0.10349712425267268        4238826.2765500452     
       40001   2.3299999999999934        380000.00000000000       -1.2961203371710528        1.6812849423900083        55583.291867330670       -1.7531593750000001E-002  0.24395045723684208        8.4593588258634875E-002   3452364.0413888446     
       40001   2.3399999999999932        380000.00000000000       -1.2800773503289475        1.6398456364237253        51102.252996459603       -6.3333955592105263E-003  0.20920363733552630        6.4238090879677232E-002   2629549.2190358648     
       40001   2.3499999999999930        380000.00000000000       -1.2661679638157894        1.6043783609930098        49031.102447099984       -1.3414835526315788E-003  0.18987878782894735        5.3184146191920231E-002   2178348.9173011761     
       40001   2.3599999999999928        380000.00000000000       -1.2527838766447368        1.5706214939812910        47269.986315302551        5.2847532894736834E-003  0.17515436513157895        4.6209418783922693E-002   1891593.8372236120     
       40001   2.3699999999999926        380000.00000000000       -1.2399630411184210        1.5386100097933799        45124.257945053279        3.8120921052631580E-003  0.15798059868421052        3.7618357774979440E-002   1540252.7018500271     
       40001   2.3799999999999923        380000.00000000000       -1.2273922549342104        1.5075697899372944        44156.619358561933       -7.8468503289473687E-004  0.14535678207236841        3.2288728962530835E-002   1322521.1179798522     
       40001   2.3899999999999921        380000.00000000000       -1.2155826792763158        1.4786777490121299        42454.993123069406        1.2138733552631579E-003  0.13466083059210526        2.7778659633018093E-002   1137753.5444785347     
       40001   2.3999999999999919        380000.00000000000       -1.2040305180921052        1.4506977786132813        41299.563157007098       -2.4560542763157893E-003  0.12677500493421051        2.4591046007915295E-002   1007002.1654653782     
       40001   2.4099999999999917        380000.00000000000       -1.1931083651315790        1.4244949786060854        40444.217718228698       -1.6472787828947370E-003  0.11845224259868421        2.1669025129266033E-002   887452.12321290071     
       40001   2.4199999999999915        380000.00000000000       -1.1820985460526316        1.3983243974300987        39625.721870467067       -3.9832516447368422E-003  0.11274167269736843        1.9670521023334702E-002   805054.65772725886     
       40001   2.4299999999999913        380000.00000000000       -1.1716471957236843        1.3737016193349096        38685.412873677909       -2.7897220394736844E-003  0.10493317434210526        1.7123051402652138E-002   701041.41224323527     
       40001   2.4399999999999911        380000.00000000000       -1.1617656759868422        1.3506317767670641        38186.633867256343       -3.9663322368421050E-004  0.10050285690789475        1.5730352379728616E-002   644308.78973192140     
       40001   2.4499999999999909        380000.00000000000       -1.1516411875000001        1.3271908996299342        37415.931229144335        9.3841529605263147E-004   9.6607221217105257E-002   1.4462571215820313E-002   592350.84667094820     
       40001   2.4599999999999906        380000.00000000000       -1.1422814786184210        1.3057072746494653        36876.216515749693       -2.9025904605263156E-004   9.1047262335526305E-002   1.3000383754368832E-002   532492.26768609346     
       40001   2.4699999999999904        380000.00000000000       -1.1329229226973685        1.2843992935701070        36247.338883459568        1.1966101973684212E-003   8.7789835526315793E-002   1.2006415211759868E-002   491724.11743418046     
       40001   2.4799999999999902        380000.00000000000       -1.1235661069078948        1.2632705760043175        35626.164721846581       -2.6465953947368419E-004   8.4219496710526323E-002   1.1054083258120887E-002   452772.38122287323     
       40001   2.4899999999999900        380000.00000000000       -1.1147758898026316        1.2435778937551398        34922.875694721937        1.1390320723684210E-003   8.1836967927631579E-002   1.0438932231959292E-002   427525.52296027786     
       40001   2.4999999999999898        380000.00000000000       -1.1060966348684211        1.2242893642537007        34389.958101212978        6.3516447368421055E-005   7.9153682565789474E-002   9.7570155540707242E-003   399647.19184820785     
       40001   2.5099999999999896        380000.00000000000       -1.0975150608552631        1.2053665364730675        33883.245319597423        2.0998519736842105E-004   7.6407973684210526E-002   9.1128404394531237E-003   373260.13831864361     
